ReferenceError: staticPathConfig is not defined
    at Object.<anonymous> (E:\grantProject\express-demo\app.js:18:43)
    at Module._compile (module.js:541:32)
    at Object.Module._extensions..js (module.js:550:10)
    at Module.load (module.js:458:32)
    at tryModuleLoad (module.js:417:12)
    at Function.Module._load (module.js:409:3)
    at Function._load (C:\Users\chengliang\AppData\Roaming\npm\node_modules\pm2\node_modules\pmx\lib\transaction.js:62:21)
    at Module.require (module.js:468:17)
    at require (internal/module.js:20:19)
    at Object.<anonymous> (E:\grantProject\express-demo\bin\www:7:11)
ReferenceError: staticPathConfig is not defined
    at Object.<anonymous> (E:\grantProject\express-demo\app.js:18:43)
    at Module._compile (module.js:541:32)
    at Object.Module._extensions..js (module.js:550:10)
    at Module.load (module.js:458:32)
    at tryModuleLoad (module.js:417:12)
    at Function.Module._load (module.js:409:3)
    at Function._load (C:\Users\chengliang\AppData\Roaming\npm\node_modules\pm2\node_modules\pmx\lib\transaction.js:62:21)
    at Module.require (module.js:468:17)
    at require (internal/module.js:20:19)
    at Object.<anonymous> (E:\grantProject\express-demo\bin\www:7:11)
ReferenceError: staticPathConfig is not defined
    at Object.<anonymous> (E:\grantProject\express-demo\app.js:18:43)
    at Module._compile (module.js:541:32)
    at Object.Module._extensions..js (module.js:550:10)
    at Module.load (module.js:458:32)
    at tryModuleLoad (module.js:417:12)
    at Function.Module._load (module.js:409:3)
    at Function._load (C:\Users\chengliang\AppData\Roaming\npm\node_modules\pm2\node_modules\pmx\lib\transaction.js:62:21)
    at Module.require (module.js:468:17)
    at require (internal/module.js:20:19)
    at Object.<anonymous> (E:\grantProject\express-demo\bin\www:7:11)
ReferenceError: staticPathConfig is not defined
    at Object.<anonymous> (E:\grantProject\express-demo\app.js:18:43)
    at Module._compile (module.js:541:32)
    at Object.Module._extensions..js (module.js:550:10)
    at Module.load (module.js:458:32)
    at tryModuleLoad (module.js:417:12)
    at Function.Module._load (module.js:409:3)
    at Function._load (C:\Users\chengliang\AppData\Roaming\npm\node_modules\pm2\node_modules\pmx\lib\transaction.js:62:21)
    at Module.require (module.js:468:17)
    at require (internal/module.js:20:19)
    at Object.<anonymous> (E:\grantProject\express-demo\bin\www:7:11)
ReferenceError: staticPathConfig is not defined
    at Object.<anonymous> (E:\grantProject\express-demo\app.js:18:43)
    at Module._compile (module.js:541:32)
    at Object.Module._extensions..js (module.js:550:10)
    at Module.load (module.js:458:32)
    at tryModuleLoad (module.js:417:12)
    at Function.Module._load (module.js:409:3)
    at Function._load (C:\Users\chengliang\AppData\Roaming\npm\node_modules\pm2\node_modules\pmx\lib\transaction.js:62:21)
    at Module.require (module.js:468:17)
    at require (internal/module.js:20:19)
    at Object.<anonymous> (E:\grantProject\express-demo\bin\www:7:11)
ReferenceError: staticPathConfig is not defined
    at Object.<anonymous> (E:\grantProject\express-demo\app.js:18:43)
    at Module._compile (module.js:541:32)
    at Object.Module._extensions..js (module.js:550:10)
    at Module.load (module.js:458:32)
    at tryModuleLoad (module.js:417:12)
    at Function.Module._load (module.js:409:3)
    at Function._load (C:\Users\chengliang\AppData\Roaming\npm\node_modules\pm2\node_modules\pmx\lib\transaction.js:62:21)
    at Module.require (module.js:468:17)
    at require (internal/module.js:20:19)
    at Object.<anonymous> (E:\grantProject\express-demo\bin\www:7:11)
ReferenceError: staticPathConfig is not defined
    at Object.<anonymous> (E:\grantProject\express-demo\app.js:18:43)
    at Module._compile (module.js:541:32)
    at Object.Module._extensions..js (module.js:550:10)
    at Module.load (module.js:458:32)
    at tryModuleLoad (module.js:417:12)
    at Function.Module._load (module.js:409:3)
    at Function._load (C:\Users\chengliang\AppData\Roaming\npm\node_modules\pm2\node_modules\pmx\lib\transaction.js:62:21)
    at Module.require (module.js:468:17)
    at require (internal/module.js:20:19)
    at Object.<anonymous> (E:\grantProject\express-demo\bin\www:7:11)
ReferenceError: staticPathConfig is not defined
    at Object.<anonymous> (E:\grantProject\express-demo\app.js:18:43)
    at Module._compile (module.js:541:32)
    at Object.Module._extensions..js (module.js:550:10)
    at Module.load (module.js:458:32)
    at tryModuleLoad (module.js:417:12)
    at Function.Module._load (module.js:409:3)
    at Function._load (C:\Users\chengliang\AppData\Roaming\npm\node_modules\pm2\node_modules\pmx\lib\transaction.js:62:21)
    at Module.require (module.js:468:17)
    at require (internal/module.js:20:19)
    at Object.<anonymous> (E:\grantProject\express-demo\bin\www:7:11)
ReferenceError: staticPathConfig is not defined
    at Object.<anonymous> (E:\grantProject\express-demo\app.js:18:43)
    at Module._compile (module.js:541:32)
    at Object.Module._extensions..js (module.js:550:10)
    at Module.load (module.js:458:32)
    at tryModuleLoad (module.js:417:12)
    at Function.Module._load (module.js:409:3)
    at Function._load (C:\Users\chengliang\AppData\Roaming\npm\node_modules\pm2\node_modules\pmx\lib\transaction.js:62:21)
    at Module.require (module.js:468:17)
    at require (internal/module.js:20:19)
    at Object.<anonymous> (E:\grantProject\express-demo\bin\www:7:11)
ReferenceError: staticPathConfig is not defined
    at Object.<anonymous> (E:\grantProject\express-demo\app.js:18:43)
    at Module._compile (module.js:541:32)
    at Object.Module._extensions..js (module.js:550:10)
    at Module.load (module.js:458:32)
    at tryModuleLoad (module.js:417:12)
    at Function.Module._load (module.js:409:3)
    at Function._load (C:\Users\chengliang\AppData\Roaming\npm\node_modules\pm2\node_modules\pmx\lib\transaction.js:62:21)
    at Module.require (module.js:468:17)
    at require (internal/module.js:20:19)
    at Object.<anonymous> (E:\grantProject\express-demo\bin\www:7:11)
ReferenceError: staticPathConfig is not defined
    at Object.<anonymous> (E:\grantProject\express-demo\app.js:18:43)
    at Module._compile (module.js:541:32)
    at Object.Module._extensions..js (module.js:550:10)
    at Module.load (module.js:458:32)
    at tryModuleLoad (module.js:417:12)
    at Function.Module._load (module.js:409:3)
    at Function._load (C:\Users\chengliang\AppData\Roaming\npm\node_modules\pm2\node_modules\pmx\lib\transaction.js:62:21)
    at Module.require (module.js:468:17)
    at require (internal/module.js:20:19)
    at Object.<anonymous> (E:\grantProject\express-demo\bin\www:7:11)
ReferenceError: staticPathConfig is not defined
    at Object.<anonymous> (E:\grantProject\express-demo\app.js:18:43)
    at Module._compile (module.js:541:32)
    at Object.Module._extensions..js (module.js:550:10)
    at Module.load (module.js:458:32)
    at tryModuleLoad (module.js:417:12)
    at Function.Module._load (module.js:409:3)
    at Function._load (C:\Users\chengliang\AppData\Roaming\npm\node_modules\pm2\node_modules\pmx\lib\transaction.js:62:21)
    at Module.require (module.js:468:17)
    at require (internal/module.js:20:19)
    at Object.<anonymous> (E:\grantProject\express-demo\bin\www:7:11)
ReferenceError: staticPathConfig is not defined
    at Object.<anonymous> (E:\grantProject\express-demo\app.js:18:43)
    at Module._compile (module.js:541:32)
    at Object.Module._extensions..js (module.js:550:10)
    at Module.load (module.js:458:32)
    at tryModuleLoad (module.js:417:12)
    at Function.Module._load (module.js:409:3)
    at Function._load (C:\Users\chengliang\AppData\Roaming\npm\node_modules\pm2\node_modules\pmx\lib\transaction.js:62:21)
    at Module.require (module.js:468:17)
    at require (internal/module.js:20:19)
    at Object.<anonymous> (E:\grantProject\express-demo\bin\www:7:11)
ReferenceError: staticPathConfig is not defined
    at Object.<anonymous> (E:\grantProject\express-demo\app.js:18:43)
    at Module._compile (module.js:541:32)
    at Object.Module._extensions..js (module.js:550:10)
    at Module.load (module.js:458:32)
    at tryModuleLoad (module.js:417:12)
    at Function.Module._load (module.js:409:3)
    at Function._load (C:\Users\chengliang\AppData\Roaming\npm\node_modules\pm2\node_modules\pmx\lib\transaction.js:62:21)
    at Module.require (module.js:468:17)
    at require (internal/module.js:20:19)
    at Object.<anonymous> (E:\grantProject\express-demo\bin\www:7:11)
ReferenceError: staticPathConfig is not defined
    at Object.<anonymous> (E:\grantProject\express-demo\app.js:18:43)
    at Module._compile (module.js:541:32)
    at Object.Module._extensions..js (module.js:550:10)
    at Module.load (module.js:458:32)
    at tryModuleLoad (module.js:417:12)
    at Function.Module._load (module.js:409:3)
    at Function._load (C:\Users\chengliang\AppData\Roaming\npm\node_modules\pm2\node_modules\pmx\lib\transaction.js:62:21)
    at Module.require (module.js:468:17)
    at require (internal/module.js:20:19)
    at Object.<anonymous> (E:\grantProject\express-demo\bin\www:7:11)
ReferenceError: staticPathConfig is not defined
    at Object.<anonymous> (E:\grantProject\express-demo\app.js:18:43)
    at Module._compile (module.js:541:32)
    at Object.Module._extensions..js (module.js:550:10)
    at Module.load (module.js:458:32)
    at tryModuleLoad (module.js:417:12)
    at Function.Module._load (module.js:409:3)
    at Function._load (C:\Users\chengliang\AppData\Roaming\npm\node_modules\pm2\node_modules\pmx\lib\transaction.js:62:21)
    at Module.require (module.js:468:17)
    at require (internal/module.js:20:19)
    at Object.<anonymous> (E:\grantProject\express-demo\bin\www:7:11)
ReferenceError: staticPathConfig is not defined
    at Object.<anonymous> (E:\grantProject\express-demo\app.js:18:43)
    at Module._compile (module.js:541:32)
    at Object.Module._extensions..js (module.js:550:10)
    at Module.load (module.js:458:32)
    at tryModuleLoad (module.js:417:12)
    at Function.Module._load (module.js:409:3)
    at Function._load (C:\Users\chengliang\AppData\Roaming\npm\node_modules\pm2\node_modules\pmx\lib\transaction.js:62:21)
    at Module.require (module.js:468:17)
    at require (internal/module.js:20:19)
    at Object.<anonymous> (E:\grantProject\express-demo\bin\www:7:11)
ReferenceError: staticPathConfig is not defined
    at Object.<anonymous> (E:\grantProject\express-demo\app.js:18:43)
    at Module._compile (module.js:541:32)
    at Object.Module._extensions..js (module.js:550:10)
    at Module.load (module.js:458:32)
    at tryModuleLoad (module.js:417:12)
    at Function.Module._load (module.js:409:3)
    at Function._load (C:\Users\chengliang\AppData\Roaming\npm\node_modules\pm2\node_modules\pmx\lib\transaction.js:62:21)
    at Module.require (module.js:468:17)
    at require (internal/module.js:20:19)
    at Object.<anonymous> (E:\grantProject\express-demo\bin\www:7:11)
ReferenceError: staticPathConfig is not defined
    at Object.<anonymous> (E:\grantProject\express-demo\app.js:18:43)
    at Module._compile (module.js:541:32)
    at Object.Module._extensions..js (module.js:550:10)
    at Module.load (module.js:458:32)
    at tryModuleLoad (module.js:417:12)
    at Function.Module._load (module.js:409:3)
    at Function._load (C:\Users\chengliang\AppData\Roaming\npm\node_modules\pm2\node_modules\pmx\lib\transaction.js:62:21)
    at Module.require (module.js:468:17)
    at require (internal/module.js:20:19)
    at Object.<anonymous> (E:\grantProject\express-demo\bin\www:7:11)
ReferenceError: staticPathConfig is not defined
    at Object.<anonymous> (E:\grantProject\express-demo\app.js:18:43)
    at Module._compile (module.js:541:32)
    at Object.Module._extensions..js (module.js:550:10)
    at Module.load (module.js:458:32)
    at tryModuleLoad (module.js:417:12)
    at Function.Module._load (module.js:409:3)
    at Function._load (C:\Users\chengliang\AppData\Roaming\npm\node_modules\pm2\node_modules\pmx\lib\transaction.js:62:21)
    at Module.require (module.js:468:17)
    at require (internal/module.js:20:19)
    at Object.<anonymous> (E:\grantProject\express-demo\bin\www:7:11)
ReferenceError: staticPathConfig is not defined
    at Object.<anonymous> (E:\grantProject\express-demo\app.js:18:43)
    at Module._compile (module.js:541:32)
    at Object.Module._extensions..js (module.js:550:10)
    at Module.load (module.js:458:32)
    at tryModuleLoad (module.js:417:12)
    at Function.Module._load (module.js:409:3)
    at Function._load (C:\Users\chengliang\AppData\Roaming\npm\node_modules\pm2\node_modules\pmx\lib\transaction.js:62:21)
    at Module.require (module.js:468:17)
    at require (internal/module.js:20:19)
    at Object.<anonymous> (E:\grantProject\express-demo\bin\www:7:11)
ReferenceError: staticPathConfig is not defined
    at Object.<anonymous> (E:\grantProject\express-demo\app.js:18:43)
    at Module._compile (module.js:541:32)
    at Object.Module._extensions..js (module.js:550:10)
    at Module.load (module.js:458:32)
    at tryModuleLoad (module.js:417:12)
    at Function.Module._load (module.js:409:3)
    at Function._load (C:\Users\chengliang\AppData\Roaming\npm\node_modules\pm2\node_modules\pmx\lib\transaction.js:62:21)
    at Module.require (module.js:468:17)
    at require (internal/module.js:20:19)
    at Object.<anonymous> (E:\grantProject\express-demo\bin\www:7:11)
ReferenceError: staticPathConfig is not defined
    at Object.<anonymous> (E:\grantProject\express-demo\app.js:18:43)
    at Module._compile (module.js:541:32)
    at Object.Module._extensions..js (module.js:550:10)
    at Module.load (module.js:458:32)
    at tryModuleLoad (module.js:417:12)
    at Function.Module._load (module.js:409:3)
    at Function._load (C:\Users\chengliang\AppData\Roaming\npm\node_modules\pm2\node_modules\pmx\lib\transaction.js:62:21)
    at Module.require (module.js:468:17)
    at require (internal/module.js:20:19)
    at Object.<anonymous> (E:\grantProject\express-demo\bin\www:7:11)
ReferenceError: staticPathConfig is not defined
    at Object.<anonymous> (E:\grantProject\express-demo\app.js:18:43)
    at Module._compile (module.js:541:32)
    at Object.Module._extensions..js (module.js:550:10)
    at Module.load (module.js:458:32)
    at tryModuleLoad (module.js:417:12)
    at Function.Module._load (module.js:409:3)
    at Function._load (C:\Users\chengliang\AppData\Roaming\npm\node_modules\pm2\node_modules\pmx\lib\transaction.js:62:21)
    at Module.require (module.js:468:17)
    at require (internal/module.js:20:19)
    at Object.<anonymous> (E:\grantProject\express-demo\bin\www:7:11)
ReferenceError: staticPathConfig is not defined
    at Object.<anonymous> (E:\grantProject\express-demo\app.js:18:43)
    at Module._compile (module.js:541:32)
    at Object.Module._extensions..js (module.js:550:10)
    at Module.load (module.js:458:32)
    at tryModuleLoad (module.js:417:12)
    at Function.Module._load (module.js:409:3)
    at Function._load (C:\Users\chengliang\AppData\Roaming\npm\node_modules\pm2\node_modules\pmx\lib\transaction.js:62:21)
    at Module.require (module.js:468:17)
    at require (internal/module.js:20:19)
    at Object.<anonymous> (E:\grantProject\express-demo\bin\www:7:11)
ReferenceError: staticPathConfig is not defined
    at Object.<anonymous> (E:\grantProject\express-demo\app.js:18:43)
    at Module._compile (module.js:541:32)
    at Object.Module._extensions..js (module.js:550:10)
    at Module.load (module.js:458:32)
    at tryModuleLoad (module.js:417:12)
    at Function.Module._load (module.js:409:3)
    at Function._load (C:\Users\chengliang\AppData\Roaming\npm\node_modules\pm2\node_modules\pmx\lib\transaction.js:62:21)
    at Module.require (module.js:468:17)
    at require (internal/module.js:20:19)
    at Object.<anonymous> (E:\grantProject\express-demo\bin\www:7:11)
ReferenceError: staticPathConfig is not defined
    at Object.<anonymous> (E:\grantProject\express-demo\app.js:18:43)
    at Module._compile (module.js:541:32)
    at Object.Module._extensions..js (module.js:550:10)
    at Module.load (module.js:458:32)
    at tryModuleLoad (module.js:417:12)
    at Function.Module._load (module.js:409:3)
    at Function._load (C:\Users\chengliang\AppData\Roaming\npm\node_modules\pm2\node_modules\pmx\lib\transaction.js:62:21)
    at Module.require (module.js:468:17)
    at require (internal/module.js:20:19)
    at Object.<anonymous> (E:\grantProject\express-demo\bin\www:7:11)
ReferenceError: staticPathConfig is not defined
    at Object.<anonymous> (E:\grantProject\express-demo\app.js:18:43)
    at Module._compile (module.js:541:32)
    at Object.Module._extensions..js (module.js:550:10)
    at Module.load (module.js:458:32)
    at tryModuleLoad (module.js:417:12)
    at Function.Module._load (module.js:409:3)
    at Function._load (C:\Users\chengliang\AppData\Roaming\npm\node_modules\pm2\node_modules\pmx\lib\transaction.js:62:21)
    at Module.require (module.js:468:17)
    at require (internal/module.js:20:19)
    at Object.<anonymous> (E:\grantProject\express-demo\bin\www:7:11)
ReferenceError: staticPathConfig is not defined
    at Object.<anonymous> (E:\grantProject\express-demo\app.js:18:43)
    at Module._compile (module.js:541:32)
    at Object.Module._extensions..js (module.js:550:10)
    at Module.load (module.js:458:32)
    at tryModuleLoad (module.js:417:12)
    at Function.Module._load (module.js:409:3)
    at Function._load (C:\Users\chengliang\AppData\Roaming\npm\node_modules\pm2\node_modules\pmx\lib\transaction.js:62:21)
    at Module.require (module.js:468:17)
    at require (internal/module.js:20:19)
    at Object.<anonymous> (E:\grantProject\express-demo\bin\www:7:11)
ReferenceError: staticPathConfig is not defined
    at Object.<anonymous> (E:\grantProject\express-demo\app.js:18:43)
    at Module._compile (module.js:541:32)
    at Object.Module._extensions..js (module.js:550:10)
    at Module.load (module.js:458:32)
    at tryModuleLoad (module.js:417:12)
    at Function.Module._load (module.js:409:3)
    at Function._load (C:\Users\chengliang\AppData\Roaming\npm\node_modules\pm2\node_modules\pmx\lib\transaction.js:62:21)
    at Module.require (module.js:468:17)
    at require (internal/module.js:20:19)
    at Object.<anonymous> (E:\grantProject\express-demo\bin\www:7:11)
ReferenceError: staticPathConfig is not defined
    at Object.<anonymous> (E:\grantProject\express-demo\app.js:18:43)
    at Module._compile (module.js:541:32)
    at Object.Module._extensions..js (module.js:550:10)
    at Module.load (module.js:458:32)
    at tryModuleLoad (module.js:417:12)
    at Function.Module._load (module.js:409:3)
    at Function._load (C:\Users\chengliang\AppData\Roaming\npm\node_modules\pm2\node_modules\pmx\lib\transaction.js:62:21)
    at Module.require (module.js:468:17)
    at require (internal/module.js:20:19)
    at Object.<anonymous> (E:\grantProject\express-demo\bin\www:7:11)
ReferenceError: staticPathConfig is not defined
    at Object.<anonymous> (E:\grantProject\express-demo\app.js:18:43)
    at Module._compile (module.js:541:32)
    at Object.Module._extensions..js (module.js:550:10)
    at Module.load (module.js:458:32)
    at tryModuleLoad (module.js:417:12)
    at Function.Module._load (module.js:409:3)
    at Function._load (C:\Users\chengliang\AppData\Roaming\npm\node_modules\pm2\node_modules\pmx\lib\transaction.js:62:21)
    at Module.require (module.js:468:17)
    at require (internal/module.js:20:19)
    at Object.<anonymous> (E:\grantProject\express-demo\bin\www:7:11)
ReferenceError: staticPathConfig is not defined
    at Object.<anonymous> (E:\grantProject\express-demo\app.js:18:43)
    at Module._compile (module.js:541:32)
    at Object.Module._extensions..js (module.js:550:10)
    at Module.load (module.js:458:32)
    at tryModuleLoad (module.js:417:12)
    at Function.Module._load (module.js:409:3)
    at Function._load (C:\Users\chengliang\AppData\Roaming\npm\node_modules\pm2\node_modules\pmx\lib\transaction.js:62:21)
    at Module.require (module.js:468:17)
    at require (internal/module.js:20:19)
    at Object.<anonymous> (E:\grantProject\express-demo\bin\www:7:11)
ReferenceError: staticPathConfig is not defined
    at Object.<anonymous> (E:\grantProject\express-demo\app.js:18:43)
    at Module._compile (module.js:541:32)
    at Object.Module._extensions..js (module.js:550:10)
    at Module.load (module.js:458:32)
    at tryModuleLoad (module.js:417:12)
    at Function.Module._load (module.js:409:3)
    at Function._load (C:\Users\chengliang\AppData\Roaming\npm\node_modules\pm2\node_modules\pmx\lib\transaction.js:62:21)
    at Module.require (module.js:468:17)
    at require (internal/module.js:20:19)
    at Object.<anonymous> (E:\grantProject\express-demo\bin\www:7:11)
ReferenceError: staticPathConfig is not defined
    at Object.<anonymous> (E:\grantProject\express-demo\app.js:18:43)
    at Module._compile (module.js:541:32)
    at Object.Module._extensions..js (module.js:550:10)
    at Module.load (module.js:458:32)
    at tryModuleLoad (module.js:417:12)
    at Function.Module._load (module.js:409:3)
    at Function._load (C:\Users\chengliang\AppData\Roaming\npm\node_modules\pm2\node_modules\pmx\lib\transaction.js:62:21)
    at Module.require (module.js:468:17)
    at require (internal/module.js:20:19)
    at Object.<anonymous> (E:\grantProject\express-demo\bin\www:7:11)
ReferenceError: staticPathConfig is not defined
    at Object.<anonymous> (E:\grantProject\express-demo\app.js:18:43)
    at Module._compile (module.js:541:32)
    at Object.Module._extensions..js (module.js:550:10)
    at Module.load (module.js:458:32)
    at tryModuleLoad (module.js:417:12)
    at Function.Module._load (module.js:409:3)
    at Function._load (C:\Users\chengliang\AppData\Roaming\npm\node_modules\pm2\node_modules\pmx\lib\transaction.js:62:21)
    at Module.require (module.js:468:17)
    at require (internal/module.js:20:19)
    at Object.<anonymous> (E:\grantProject\express-demo\bin\www:7:11)
ReferenceError: staticPathConfig is not defined
    at Object.<anonymous> (E:\grantProject\express-demo\app.js:18:43)
    at Module._compile (module.js:541:32)
    at Object.Module._extensions..js (module.js:550:10)
    at Module.load (module.js:458:32)
    at tryModuleLoad (module.js:417:12)
    at Function.Module._load (module.js:409:3)
    at Function._load (C:\Users\chengliang\AppData\Roaming\npm\node_modules\pm2\node_modules\pmx\lib\transaction.js:62:21)
    at Module.require (module.js:468:17)
    at require (internal/module.js:20:19)
    at Object.<anonymous> (E:\grantProject\express-demo\bin\www:7:11)
ReferenceError: staticPathConfig is not defined
    at Object.<anonymous> (E:\grantProject\express-demo\app.js:18:43)
    at Module._compile (module.js:541:32)
    at Object.Module._extensions..js (module.js:550:10)
    at Module.load (module.js:458:32)
    at tryModuleLoad (module.js:417:12)
    at Function.Module._load (module.js:409:3)
    at Function._load (C:\Users\chengliang\AppData\Roaming\npm\node_modules\pm2\node_modules\pmx\lib\transaction.js:62:21)
    at Module.require (module.js:468:17)
    at require (internal/module.js:20:19)
    at Object.<anonymous> (E:\grantProject\express-demo\bin\www:7:11)
ReferenceError: staticPathConfig is not defined
    at Object.<anonymous> (E:\grantProject\express-demo\app.js:18:43)
    at Module._compile (module.js:541:32)
    at Object.Module._extensions..js (module.js:550:10)
    at Module.load (module.js:458:32)
    at tryModuleLoad (module.js:417:12)
    at Function.Module._load (module.js:409:3)
    at Function._load (C:\Users\chengliang\AppData\Roaming\npm\node_modules\pm2\node_modules\pmx\lib\transaction.js:62:21)
    at Module.require (module.js:468:17)
    at require (internal/module.js:20:19)
    at Object.<anonymous> (E:\grantProject\express-demo\bin\www:7:11)
ReferenceError: staticPathConfig is not defined
    at Object.<anonymous> (E:\grantProject\express-demo\app.js:18:43)
    at Module._compile (module.js:541:32)
    at Object.Module._extensions..js (module.js:550:10)
    at Module.load (module.js:458:32)
    at tryModuleLoad (module.js:417:12)
    at Function.Module._load (module.js:409:3)
    at Function._load (C:\Users\chengliang\AppData\Roaming\npm\node_modules\pm2\node_modules\pmx\lib\transaction.js:62:21)
    at Module.require (module.js:468:17)
    at require (internal/module.js:20:19)
    at Object.<anonymous> (E:\grantProject\express-demo\bin\www:7:11)
ReferenceError: staticPathConfig is not defined
    at Object.<anonymous> (E:\grantProject\express-demo\app.js:18:43)
    at Module._compile (module.js:541:32)
    at Object.Module._extensions..js (module.js:550:10)
    at Module.load (module.js:458:32)
    at tryModuleLoad (module.js:417:12)
    at Function.Module._load (module.js:409:3)
    at Function._load (C:\Users\chengliang\AppData\Roaming\npm\node_modules\pm2\node_modules\pmx\lib\transaction.js:62:21)
    at Module.require (module.js:468:17)
    at require (internal/module.js:20:19)
    at Object.<anonymous> (E:\grantProject\express-demo\bin\www:7:11)
ReferenceError: staticPathConfig is not defined
    at Object.<anonymous> (E:\grantProject\express-demo\app.js:18:43)
    at Module._compile (module.js:541:32)
    at Object.Module._extensions..js (module.js:550:10)
    at Module.load (module.js:458:32)
    at tryModuleLoad (module.js:417:12)
    at Function.Module._load (module.js:409:3)
    at Function._load (C:\Users\chengliang\AppData\Roaming\npm\node_modules\pm2\node_modules\pmx\lib\transaction.js:62:21)
    at Module.require (module.js:468:17)
    at require (internal/module.js:20:19)
    at Object.<anonymous> (E:\grantProject\express-demo\bin\www:7:11)
ReferenceError: staticPathConfig is not defined
    at Object.<anonymous> (E:\grantProject\express-demo\app.js:18:43)
    at Module._compile (module.js:541:32)
    at Object.Module._extensions..js (module.js:550:10)
    at Module.load (module.js:458:32)
    at tryModuleLoad (module.js:417:12)
    at Function.Module._load (module.js:409:3)
    at Function._load (C:\Users\chengliang\AppData\Roaming\npm\node_modules\pm2\node_modules\pmx\lib\transaction.js:62:21)
    at Module.require (module.js:468:17)
    at require (internal/module.js:20:19)
    at Object.<anonymous> (E:\grantProject\express-demo\bin\www:7:11)
ReferenceError: staticPathConfig is not defined
    at Object.<anonymous> (E:\grantProject\express-demo\app.js:18:43)
    at Module._compile (module.js:541:32)
    at Object.Module._extensions..js (module.js:550:10)
    at Module.load (module.js:458:32)
    at tryModuleLoad (module.js:417:12)
    at Function.Module._load (module.js:409:3)
    at Function._load (C:\Users\chengliang\AppData\Roaming\npm\node_modules\pm2\node_modules\pmx\lib\transaction.js:62:21)
    at Module.require (module.js:468:17)
    at require (internal/module.js:20:19)
    at Object.<anonymous> (E:\grantProject\express-demo\bin\www:7:11)
ReferenceError: staticPathConfig is not defined
    at Object.<anonymous> (E:\grantProject\express-demo\app.js:18:43)
    at Module._compile (module.js:541:32)
    at Object.Module._extensions..js (module.js:550:10)
    at Module.load (module.js:458:32)
    at tryModuleLoad (module.js:417:12)
    at Function.Module._load (module.js:409:3)
    at Function._load (C:\Users\chengliang\AppData\Roaming\npm\node_modules\pm2\node_modules\pmx\lib\transaction.js:62:21)
    at Module.require (module.js:468:17)
    at require (internal/module.js:20:19)
    at Object.<anonymous> (E:\grantProject\express-demo\bin\www:7:11)
ReferenceError: staticPathConfig is not defined
    at Object.<anonymous> (E:\grantProject\express-demo\app.js:18:43)
    at Module._compile (module.js:541:32)
    at Object.Module._extensions..js (module.js:550:10)
    at Module.load (module.js:458:32)
    at tryModuleLoad (module.js:417:12)
    at Function.Module._load (module.js:409:3)
    at Function._load (C:\Users\chengliang\AppData\Roaming\npm\node_modules\pm2\node_modules\pmx\lib\transaction.js:62:21)
    at Module.require (module.js:468:17)
    at require (internal/module.js:20:19)
    at Object.<anonymous> (E:\grantProject\express-demo\bin\www:7:11)
ReferenceError: staticPathConfig is not defined
    at Object.<anonymous> (E:\grantProject\express-demo\app.js:18:43)
    at Module._compile (module.js:541:32)
    at Object.Module._extensions..js (module.js:550:10)
    at Module.load (module.js:458:32)
    at tryModuleLoad (module.js:417:12)
    at Function.Module._load (module.js:409:3)
    at Function._load (C:\Users\chengliang\AppData\Roaming\npm\node_modules\pm2\node_modules\pmx\lib\transaction.js:62:21)
    at Module.require (module.js:468:17)
    at require (internal/module.js:20:19)
    at Object.<anonymous> (E:\grantProject\express-demo\bin\www:7:11)
ReferenceError: staticPathConfig is not defined
    at Object.<anonymous> (E:\grantProject\express-demo\app.js:18:43)
    at Module._compile (module.js:541:32)
    at Object.Module._extensions..js (module.js:550:10)
    at Module.load (module.js:458:32)
    at tryModuleLoad (module.js:417:12)
    at Function.Module._load (module.js:409:3)
    at Function._load (C:\Users\chengliang\AppData\Roaming\npm\node_modules\pm2\node_modules\pmx\lib\transaction.js:62:21)
    at Module.require (module.js:468:17)
    at require (internal/module.js:20:19)
    at Object.<anonymous> (E:\grantProject\express-demo\bin\www:7:11)
ReferenceError: staticPathConfig is not defined
    at Object.<anonymous> (E:\grantProject\express-demo\app.js:18:43)
    at Module._compile (module.js:541:32)
    at Object.Module._extensions..js (module.js:550:10)
    at Module.load (module.js:458:32)
    at tryModuleLoad (module.js:417:12)
    at Function.Module._load (module.js:409:3)
    at Function._load (C:\Users\chengliang\AppData\Roaming\npm\node_modules\pm2\node_modules\pmx\lib\transaction.js:62:21)
    at Module.require (module.js:468:17)
    at require (internal/module.js:20:19)
    at Object.<anonymous> (E:\grantProject\express-demo\bin\www:7:11)
ReferenceError: staticPathConfig is not defined
    at Object.<anonymous> (E:\grantProject\express-demo\app.js:18:43)
    at Module._compile (module.js:541:32)
    at Object.Module._extensions..js (module.js:550:10)
    at Module.load (module.js:458:32)
    at tryModuleLoad (module.js:417:12)
    at Function.Module._load (module.js:409:3)
    at Function._load (C:\Users\chengliang\AppData\Roaming\npm\node_modules\pm2\node_modules\pmx\lib\transaction.js:62:21)
    at Module.require (module.js:468:17)
    at require (internal/module.js:20:19)
    at Object.<anonymous> (E:\grantProject\express-demo\bin\www:7:11)
ReferenceError: staticPathConfig is not defined
    at Object.<anonymous> (E:\grantProject\express-demo\app.js:18:43)
    at Module._compile (module.js:541:32)
    at Object.Module._extensions..js (module.js:550:10)
    at Module.load (module.js:458:32)
    at tryModuleLoad (module.js:417:12)
    at Function.Module._load (module.js:409:3)
    at Function._load (C:\Users\chengliang\AppData\Roaming\npm\node_modules\pm2\node_modules\pmx\lib\transaction.js:62:21)
    at Module.require (module.js:468:17)
    at require (internal/module.js:20:19)
    at Object.<anonymous> (E:\grantProject\express-demo\bin\www:7:11)
ReferenceError: staticPathConfig is not defined
    at Object.<anonymous> (E:\grantProject\express-demo\app.js:18:43)
    at Module._compile (module.js:541:32)
    at Object.Module._extensions..js (module.js:550:10)
    at Module.load (module.js:458:32)
    at tryModuleLoad (module.js:417:12)
    at Function.Module._load (module.js:409:3)
    at Function._load (C:\Users\chengliang\AppData\Roaming\npm\node_modules\pm2\node_modules\pmx\lib\transaction.js:62:21)
    at Module.require (module.js:468:17)
    at require (internal/module.js:20:19)
    at Object.<anonymous> (E:\grantProject\express-demo\bin\www:7:11)
ReferenceError: staticPathConfig is not defined
    at Object.<anonymous> (E:\grantProject\express-demo\app.js:18:43)
    at Module._compile (module.js:541:32)
    at Object.Module._extensions..js (module.js:550:10)
    at Module.load (module.js:458:32)
    at tryModuleLoad (module.js:417:12)
    at Function.Module._load (module.js:409:3)
    at Function._load (C:\Users\chengliang\AppData\Roaming\npm\node_modules\pm2\node_modules\pmx\lib\transaction.js:62:21)
    at Module.require (module.js:468:17)
    at require (internal/module.js:20:19)
    at Object.<anonymous> (E:\grantProject\express-demo\bin\www:7:11)
ReferenceError: staticPathConfig is not defined
    at Object.<anonymous> (E:\grantProject\express-demo\app.js:18:43)
    at Module._compile (module.js:541:32)
    at Object.Module._extensions..js (module.js:550:10)
    at Module.load (module.js:458:32)
    at tryModuleLoad (module.js:417:12)
    at Function.Module._load (module.js:409:3)
    at Function._load (C:\Users\chengliang\AppData\Roaming\npm\node_modules\pm2\node_modules\pmx\lib\transaction.js:62:21)
    at Module.require (module.js:468:17)
    at require (internal/module.js:20:19)
    at Object.<anonymous> (E:\grantProject\express-demo\bin\www:7:11)
ReferenceError: staticPathConfig is not defined
    at Object.<anonymous> (E:\grantProject\express-demo\app.js:18:43)
    at Module._compile (module.js:541:32)
    at Object.Module._extensions..js (module.js:550:10)
    at Module.load (module.js:458:32)
    at tryModuleLoad (module.js:417:12)
    at Function.Module._load (module.js:409:3)
    at Function._load (C:\Users\chengliang\AppData\Roaming\npm\node_modules\pm2\node_modules\pmx\lib\transaction.js:62:21)
    at Module.require (module.js:468:17)
    at require (internal/module.js:20:19)
    at Object.<anonymous> (E:\grantProject\express-demo\bin\www:7:11)
ReferenceError: staticPathConfig is not defined
    at Object.<anonymous> (E:\grantProject\express-demo\app.js:18:43)
    at Module._compile (module.js:541:32)
    at Object.Module._extensions..js (module.js:550:10)
    at Module.load (module.js:458:32)
    at tryModuleLoad (module.js:417:12)
    at Function.Module._load (module.js:409:3)
    at Function._load (C:\Users\chengliang\AppData\Roaming\npm\node_modules\pm2\node_modules\pmx\lib\transaction.js:62:21)
    at Module.require (module.js:468:17)
    at require (internal/module.js:20:19)
    at Object.<anonymous> (E:\grantProject\express-demo\bin\www:7:11)
ReferenceError: staticPathConfig is not defined
    at Object.<anonymous> (E:\grantProject\express-demo\app.js:18:43)
    at Module._compile (module.js:541:32)
    at Object.Module._extensions..js (module.js:550:10)
    at Module.load (module.js:458:32)
    at tryModuleLoad (module.js:417:12)
    at Function.Module._load (module.js:409:3)
    at Function._load (C:\Users\chengliang\AppData\Roaming\npm\node_modules\pm2\node_modules\pmx\lib\transaction.js:62:21)
    at Module.require (module.js:468:17)
    at require (internal/module.js:20:19)
    at Object.<anonymous> (E:\grantProject\express-demo\bin\www:7:11)
ReferenceError: staticPathConfig is not defined
    at Object.<anonymous> (E:\grantProject\express-demo\app.js:18:43)
    at Module._compile (module.js:541:32)
    at Object.Module._extensions..js (module.js:550:10)
    at Module.load (module.js:458:32)
    at tryModuleLoad (module.js:417:12)
    at Function.Module._load (module.js:409:3)
    at Function._load (C:\Users\chengliang\AppData\Roaming\npm\node_modules\pm2\node_modules\pmx\lib\transaction.js:62:21)
    at Module.require (module.js:468:17)
    at require (internal/module.js:20:19)
    at Object.<anonymous> (E:\grantProject\express-demo\bin\www:7:11)
ReferenceError: staticPathConfig is not defined
    at Object.<anonymous> (E:\grantProject\express-demo\app.js:18:43)
    at Module._compile (module.js:541:32)
    at Object.Module._extensions..js (module.js:550:10)
    at Module.load (module.js:458:32)
    at tryModuleLoad (module.js:417:12)
    at Function.Module._load (module.js:409:3)
    at Function._load (C:\Users\chengliang\AppData\Roaming\npm\node_modules\pm2\node_modules\pmx\lib\transaction.js:62:21)
    at Module.require (module.js:468:17)
    at require (internal/module.js:20:19)
    at Object.<anonymous> (E:\grantProject\express-demo\bin\www:7:11)
ReferenceError: staticPathConfig is not defined
    at Object.<anonymous> (E:\grantProject\express-demo\app.js:18:43)
    at Module._compile (module.js:541:32)
    at Object.Module._extensions..js (module.js:550:10)
    at Module.load (module.js:458:32)
    at tryModuleLoad (module.js:417:12)
    at Function.Module._load (module.js:409:3)
    at Function._load (C:\Users\chengliang\AppData\Roaming\npm\node_modules\pm2\node_modules\pmx\lib\transaction.js:62:21)
    at Module.require (module.js:468:17)
    at require (internal/module.js:20:19)
    at Object.<anonymous> (E:\grantProject\express-demo\bin\www:7:11)
ReferenceError: staticPathConfig is not defined
    at Object.<anonymous> (E:\grantProject\express-demo\app.js:18:43)
    at Module._compile (module.js:541:32)
    at Object.Module._extensions..js (module.js:550:10)
    at Module.load (module.js:458:32)
    at tryModuleLoad (module.js:417:12)
    at Function.Module._load (module.js:409:3)
    at Function._load (C:\Users\chengliang\AppData\Roaming\npm\node_modules\pm2\node_modules\pmx\lib\transaction.js:62:21)
    at Module.require (module.js:468:17)
    at require (internal/module.js:20:19)
    at Object.<anonymous> (E:\grantProject\express-demo\bin\www:7:11)
ReferenceError: staticPathConfig is not defined
    at Object.<anonymous> (E:\grantProject\express-demo\app.js:18:43)
    at Module._compile (module.js:541:32)
    at Object.Module._extensions..js (module.js:550:10)
    at Module.load (module.js:458:32)
    at tryModuleLoad (module.js:417:12)
    at Function.Module._load (module.js:409:3)
    at Function._load (C:\Users\chengliang\AppData\Roaming\npm\node_modules\pm2\node_modules\pmx\lib\transaction.js:62:21)
    at Module.require (module.js:468:17)
    at require (internal/module.js:20:19)
    at Object.<anonymous> (E:\grantProject\express-demo\bin\www:7:11)
ReferenceError: staticPathConfig is not defined
    at Object.<anonymous> (E:\grantProject\express-demo\app.js:18:43)
    at Module._compile (module.js:541:32)
    at Object.Module._extensions..js (module.js:550:10)
    at Module.load (module.js:458:32)
    at tryModuleLoad (module.js:417:12)
    at Function.Module._load (module.js:409:3)
    at Function._load (C:\Users\chengliang\AppData\Roaming\npm\node_modules\pm2\node_modules\pmx\lib\transaction.js:62:21)
    at Module.require (module.js:468:17)
    at require (internal/module.js:20:19)
    at Object.<anonymous> (E:\grantProject\express-demo\bin\www:7:11)
ReferenceError: staticPathConfig is not defined
    at Object.<anonymous> (E:\grantProject\express-demo\app.js:18:43)
    at Module._compile (module.js:541:32)
    at Object.Module._extensions..js (module.js:550:10)
    at Module.load (module.js:458:32)
    at tryModuleLoad (module.js:417:12)
    at Function.Module._load (module.js:409:3)
    at Function._load (C:\Users\chengliang\AppData\Roaming\npm\node_modules\pm2\node_modules\pmx\lib\transaction.js:62:21)
    at Module.require (module.js:468:17)
    at require (internal/module.js:20:19)
    at Object.<anonymous> (E:\grantProject\express-demo\bin\www:7:11)
ReferenceError: staticPathConfig is not defined
    at Object.<anonymous> (E:\grantProject\express-demo\app.js:18:43)
    at Module._compile (module.js:541:32)
    at Object.Module._extensions..js (module.js:550:10)
    at Module.load (module.js:458:32)
    at tryModuleLoad (module.js:417:12)
    at Function.Module._load (module.js:409:3)
    at Function._load (C:\Users\chengliang\AppData\Roaming\npm\node_modules\pm2\node_modules\pmx\lib\transaction.js:62:21)
    at Module.require (module.js:468:17)
    at require (internal/module.js:20:19)
    at Object.<anonymous> (E:\grantProject\express-demo\bin\www:7:11)
ReferenceError: staticPathConfig is not defined
    at Object.<anonymous> (E:\grantProject\express-demo\app.js:18:43)
    at Module._compile (module.js:541:32)
    at Object.Module._extensions..js (module.js:550:10)
    at Module.load (module.js:458:32)
    at tryModuleLoad (module.js:417:12)
    at Function.Module._load (module.js:409:3)
    at Function._load (C:\Users\chengliang\AppData\Roaming\npm\node_modules\pm2\node_modules\pmx\lib\transaction.js:62:21)
    at Module.require (module.js:468:17)
    at require (internal/module.js:20:19)
    at Object.<anonymous> (E:\grantProject\express-demo\bin\www:7:11)
ReferenceError: staticPathConfig is not defined
    at Object.<anonymous> (E:\grantProject\express-demo\app.js:18:43)
    at Module._compile (module.js:541:32)
    at Object.Module._extensions..js (module.js:550:10)
    at Module.load (module.js:458:32)
    at tryModuleLoad (module.js:417:12)
    at Function.Module._load (module.js:409:3)
    at Function._load (C:\Users\chengliang\AppData\Roaming\npm\node_modules\pm2\node_modules\pmx\lib\transaction.js:62:21)
    at Module.require (module.js:468:17)
    at require (internal/module.js:20:19)
    at Object.<anonymous> (E:\grantProject\express-demo\bin\www:7:11)
ReferenceError: staticPathConfig is not defined
    at Object.<anonymous> (E:\grantProject\express-demo\app.js:18:43)
    at Module._compile (module.js:541:32)
    at Object.Module._extensions..js (module.js:550:10)
    at Module.load (module.js:458:32)
    at tryModuleLoad (module.js:417:12)
    at Function.Module._load (module.js:409:3)
    at Function._load (C:\Users\chengliang\AppData\Roaming\npm\node_modules\pm2\node_modules\pmx\lib\transaction.js:62:21)
    at Module.require (module.js:468:17)
    at require (internal/module.js:20:19)
    at Object.<anonymous> (E:\grantProject\express-demo\bin\www:7:11)
ReferenceError: staticPathConfig is not defined
    at Object.<anonymous> (E:\grantProject\express-demo\app.js:18:43)
    at Module._compile (module.js:541:32)
    at Object.Module._extensions..js (module.js:550:10)
    at Module.load (module.js:458:32)
    at tryModuleLoad (module.js:417:12)
    at Function.Module._load (module.js:409:3)
    at Function._load (C:\Users\chengliang\AppData\Roaming\npm\node_modules\pm2\node_modules\pmx\lib\transaction.js:62:21)
    at Module.require (module.js:468:17)
    at require (internal/module.js:20:19)
    at Object.<anonymous> (E:\grantProject\express-demo\bin\www:7:11)
ReferenceError: staticPathConfig is not defined
    at Object.<anonymous> (E:\grantProject\express-demo\app.js:18:43)
    at Module._compile (module.js:541:32)
    at Object.Module._extensions..js (module.js:550:10)
    at Module.load (module.js:458:32)
    at tryModuleLoad (module.js:417:12)
    at Function.Module._load (module.js:409:3)
    at Function._load (C:\Users\chengliang\AppData\Roaming\npm\node_modules\pm2\node_modules\pmx\lib\transaction.js:62:21)
    at Module.require (module.js:468:17)
    at require (internal/module.js:20:19)
    at Object.<anonymous> (E:\grantProject\express-demo\bin\www:7:11)
ReferenceError: staticPathConfig is not defined
    at Object.<anonymous> (E:\grantProject\express-demo\app.js:18:43)
    at Module._compile (module.js:541:32)
    at Object.Module._extensions..js (module.js:550:10)
    at Module.load (module.js:458:32)
    at tryModuleLoad (module.js:417:12)
    at Function.Module._load (module.js:409:3)
    at Function._load (C:\Users\chengliang\AppData\Roaming\npm\node_modules\pm2\node_modules\pmx\lib\transaction.js:62:21)
    at Module.require (module.js:468:17)
    at require (internal/module.js:20:19)
    at Object.<anonymous> (E:\grantProject\express-demo\bin\www:7:11)
ReferenceError: staticPathConfig is not defined
    at Object.<anonymous> (E:\grantProject\express-demo\app.js:18:43)
    at Module._compile (module.js:541:32)
    at Object.Module._extensions..js (module.js:550:10)
    at Module.load (module.js:458:32)
    at tryModuleLoad (module.js:417:12)
    at Function.Module._load (module.js:409:3)
    at Function._load (C:\Users\chengliang\AppData\Roaming\npm\node_modules\pm2\node_modules\pmx\lib\transaction.js:62:21)
    at Module.require (module.js:468:17)
    at require (internal/module.js:20:19)
    at Object.<anonymous> (E:\grantProject\express-demo\bin\www:7:11)
ReferenceError: staticPathConfig is not defined
    at Object.<anonymous> (E:\grantProject\express-demo\app.js:18:43)
    at Module._compile (module.js:541:32)
    at Object.Module._extensions..js (module.js:550:10)
    at Module.load (module.js:458:32)
    at tryModuleLoad (module.js:417:12)
    at Function.Module._load (module.js:409:3)
    at Function._load (C:\Users\chengliang\AppData\Roaming\npm\node_modules\pm2\node_modules\pmx\lib\transaction.js:62:21)
    at Module.require (module.js:468:17)
    at require (internal/module.js:20:19)
    at Object.<anonymous> (E:\grantProject\express-demo\bin\www:7:11)
ReferenceError: staticPathConfig is not defined
    at Object.<anonymous> (E:\grantProject\express-demo\app.js:18:43)
    at Module._compile (module.js:541:32)
    at Object.Module._extensions..js (module.js:550:10)
    at Module.load (module.js:458:32)
    at tryModuleLoad (module.js:417:12)
    at Function.Module._load (module.js:409:3)
    at Function._load (C:\Users\chengliang\AppData\Roaming\npm\node_modules\pm2\node_modules\pmx\lib\transaction.js:62:21)
    at Module.require (module.js:468:17)
    at require (internal/module.js:20:19)
    at Object.<anonymous> (E:\grantProject\express-demo\bin\www:7:11)
ReferenceError: staticPathConfig is not defined
    at Object.<anonymous> (E:\grantProject\express-demo\app.js:18:43)
    at Module._compile (module.js:541:32)
    at Object.Module._extensions..js (module.js:550:10)
    at Module.load (module.js:458:32)
    at tryModuleLoad (module.js:417:12)
    at Function.Module._load (module.js:409:3)
    at Function._load (C:\Users\chengliang\AppData\Roaming\npm\node_modules\pm2\node_modules\pmx\lib\transaction.js:62:21)
    at Module.require (module.js:468:17)
    at require (internal/module.js:20:19)
    at Object.<anonymous> (E:\grantProject\express-demo\bin\www:7:11)
ReferenceError: staticPathConfig is not defined
    at Object.<anonymous> (E:\grantProject\express-demo\app.js:18:43)
    at Module._compile (module.js:541:32)
    at Object.Module._extensions..js (module.js:550:10)
    at Module.load (module.js:458:32)
    at tryModuleLoad (module.js:417:12)
    at Function.Module._load (module.js:409:3)
    at Function._load (C:\Users\chengliang\AppData\Roaming\npm\node_modules\pm2\node_modules\pmx\lib\transaction.js:62:21)
    at Module.require (module.js:468:17)
    at require (internal/module.js:20:19)
    at Object.<anonymous> (E:\grantProject\express-demo\bin\www:7:11)
ReferenceError: staticPathConfig is not defined
    at Object.<anonymous> (E:\grantProject\express-demo\app.js:18:43)
    at Module._compile (module.js:541:32)
    at Object.Module._extensions..js (module.js:550:10)
    at Module.load (module.js:458:32)
    at tryModuleLoad (module.js:417:12)
    at Function.Module._load (module.js:409:3)
    at Function._load (C:\Users\chengliang\AppData\Roaming\npm\node_modules\pm2\node_modules\pmx\lib\transaction.js:62:21)
    at Module.require (module.js:468:17)
    at require (internal/module.js:20:19)
    at Object.<anonymous> (E:\grantProject\express-demo\bin\www:7:11)
ReferenceError: staticPathConfig is not defined
    at Object.<anonymous> (E:\grantProject\express-demo\app.js:18:43)
    at Module._compile (module.js:541:32)
    at Object.Module._extensions..js (module.js:550:10)
    at Module.load (module.js:458:32)
    at tryModuleLoad (module.js:417:12)
    at Function.Module._load (module.js:409:3)
    at Function._load (C:\Users\chengliang\AppData\Roaming\npm\node_modules\pm2\node_modules\pmx\lib\transaction.js:62:21)
    at Module.require (module.js:468:17)
    at require (internal/module.js:20:19)
    at Object.<anonymous> (E:\grantProject\express-demo\bin\www:7:11)
ReferenceError: staticPathConfig is not defined
    at Object.<anonymous> (E:\grantProject\express-demo\app.js:18:43)
    at Module._compile (module.js:541:32)
    at Object.Module._extensions..js (module.js:550:10)
    at Module.load (module.js:458:32)
    at tryModuleLoad (module.js:417:12)
    at Function.Module._load (module.js:409:3)
    at Function._load (C:\Users\chengliang\AppData\Roaming\npm\node_modules\pm2\node_modules\pmx\lib\transaction.js:62:21)
    at Module.require (module.js:468:17)
    at require (internal/module.js:20:19)
    at Object.<anonymous> (E:\grantProject\express-demo\bin\www:7:11)
ReferenceError: staticPathConfig is not defined
    at Object.<anonymous> (E:\grantProject\express-demo\app.js:18:43)
    at Module._compile (module.js:541:32)
    at Object.Module._extensions..js (module.js:550:10)
    at Module.load (module.js:458:32)
    at tryModuleLoad (module.js:417:12)
    at Function.Module._load (module.js:409:3)
    at Function._load (C:\Users\chengliang\AppData\Roaming\npm\node_modules\pm2\node_modules\pmx\lib\transaction.js:62:21)
    at Module.require (module.js:468:17)
    at require (internal/module.js:20:19)
    at Object.<anonymous> (E:\grantProject\express-demo\bin\www:7:11)
ReferenceError: staticPathConfig is not defined
    at Object.<anonymous> (E:\grantProject\express-demo\app.js:18:43)
    at Module._compile (module.js:541:32)
    at Object.Module._extensions..js (module.js:550:10)
    at Module.load (module.js:458:32)
    at tryModuleLoad (module.js:417:12)
    at Function.Module._load (module.js:409:3)
    at Function._load (C:\Users\chengliang\AppData\Roaming\npm\node_modules\pm2\node_modules\pmx\lib\transaction.js:62:21)
    at Module.require (module.js:468:17)
    at require (internal/module.js:20:19)
    at Object.<anonymous> (E:\grantProject\express-demo\bin\www:7:11)
ReferenceError: staticPathConfig is not defined
    at Object.<anonymous> (E:\grantProject\express-demo\app.js:18:43)
    at Module._compile (module.js:541:32)
    at Object.Module._extensions..js (module.js:550:10)
    at Module.load (module.js:458:32)
    at tryModuleLoad (module.js:417:12)
    at Function.Module._load (module.js:409:3)
    at Function._load (C:\Users\chengliang\AppData\Roaming\npm\node_modules\pm2\node_modules\pmx\lib\transaction.js:62:21)
    at Module.require (module.js:468:17)
    at require (internal/module.js:20:19)
    at Object.<anonymous> (E:\grantProject\express-demo\bin\www:7:11)
ReferenceError: staticPathConfig is not defined
    at Object.<anonymous> (E:\grantProject\express-demo\app.js:18:43)
    at Module._compile (module.js:541:32)
    at Object.Module._extensions..js (module.js:550:10)
    at Module.load (module.js:458:32)
    at tryModuleLoad (module.js:417:12)
    at Function.Module._load (module.js:409:3)
    at Function._load (C:\Users\chengliang\AppData\Roaming\npm\node_modules\pm2\node_modules\pmx\lib\transaction.js:62:21)
    at Module.require (module.js:468:17)
    at require (internal/module.js:20:19)
    at Object.<anonymous> (E:\grantProject\express-demo\bin\www:7:11)
ReferenceError: staticPathConfig is not defined
    at Object.<anonymous> (E:\grantProject\express-demo\app.js:18:43)
    at Module._compile (module.js:541:32)
    at Object.Module._extensions..js (module.js:550:10)
    at Module.load (module.js:458:32)
    at tryModuleLoad (module.js:417:12)
    at Function.Module._load (module.js:409:3)
    at Function._load (C:\Users\chengliang\AppData\Roaming\npm\node_modules\pm2\node_modules\pmx\lib\transaction.js:62:21)
    at Module.require (module.js:468:17)
    at require (internal/module.js:20:19)
    at Object.<anonymous> (E:\grantProject\express-demo\bin\www:7:11)
ReferenceError: staticPathConfig is not defined
    at Object.<anonymous> (E:\grantProject\express-demo\app.js:18:43)
    at Module._compile (module.js:541:32)
    at Object.Module._extensions..js (module.js:550:10)
    at Module.load (module.js:458:32)
    at tryModuleLoad (module.js:417:12)
    at Function.Module._load (module.js:409:3)
    at Function._load (C:\Users\chengliang\AppData\Roaming\npm\node_modules\pm2\node_modules\pmx\lib\transaction.js:62:21)
    at Module.require (module.js:468:17)
    at require (internal/module.js:20:19)
    at Object.<anonymous> (E:\grantProject\express-demo\bin\www:7:11)
ReferenceError: staticPathConfig is not defined
    at Object.<anonymous> (E:\grantProject\express-demo\app.js:18:43)
    at Module._compile (module.js:541:32)
    at Object.Module._extensions..js (module.js:550:10)
    at Module.load (module.js:458:32)
    at tryModuleLoad (module.js:417:12)
    at Function.Module._load (module.js:409:3)
    at Function._load (C:\Users\chengliang\AppData\Roaming\npm\node_modules\pm2\node_modules\pmx\lib\transaction.js:62:21)
    at Module.require (module.js:468:17)
    at require (internal/module.js:20:19)
    at Object.<anonymous> (E:\grantProject\express-demo\bin\www:7:11)
ReferenceError: staticPathConfig is not defined
    at Object.<anonymous> (E:\grantProject\express-demo\app.js:18:43)
    at Module._compile (module.js:541:32)
    at Object.Module._extensions..js (module.js:550:10)
    at Module.load (module.js:458:32)
    at tryModuleLoad (module.js:417:12)
    at Function.Module._load (module.js:409:3)
    at Function._load (C:\Users\chengliang\AppData\Roaming\npm\node_modules\pm2\node_modules\pmx\lib\transaction.js:62:21)
    at Module.require (module.js:468:17)
    at require (internal/module.js:20:19)
    at Object.<anonymous> (E:\grantProject\express-demo\bin\www:7:11)
ReferenceError: staticPathConfig is not defined
    at Object.<anonymous> (E:\grantProject\express-demo\app.js:18:43)
    at Module._compile (module.js:541:32)
    at Object.Module._extensions..js (module.js:550:10)
    at Module.load (module.js:458:32)
    at tryModuleLoad (module.js:417:12)
    at Function.Module._load (module.js:409:3)
    at Function._load (C:\Users\chengliang\AppData\Roaming\npm\node_modules\pm2\node_modules\pmx\lib\transaction.js:62:21)
    at Module.require (module.js:468:17)
    at require (internal/module.js:20:19)
    at Object.<anonymous> (E:\grantProject\express-demo\bin\www:7:11)
ReferenceError: staticPathConfig is not defined
    at Object.<anonymous> (E:\grantProject\express-demo\app.js:18:43)
    at Module._compile (module.js:541:32)
    at Object.Module._extensions..js (module.js:550:10)
    at Module.load (module.js:458:32)
    at tryModuleLoad (module.js:417:12)
    at Function.Module._load (module.js:409:3)
    at Function._load (C:\Users\chengliang\AppData\Roaming\npm\node_modules\pm2\node_modules\pmx\lib\transaction.js:62:21)
    at Module.require (module.js:468:17)
    at require (internal/module.js:20:19)
    at Object.<anonymous> (E:\grantProject\express-demo\bin\www:7:11)
ReferenceError: staticPathConfig is not defined
    at Object.<anonymous> (E:\grantProject\express-demo\app.js:18:43)
    at Module._compile (module.js:541:32)
    at Object.Module._extensions..js (module.js:550:10)
    at Module.load (module.js:458:32)
    at tryModuleLoad (module.js:417:12)
    at Function.Module._load (module.js:409:3)
    at Function._load (C:\Users\chengliang\AppData\Roaming\npm\node_modules\pm2\node_modules\pmx\lib\transaction.js:62:21)
    at Module.require (module.js:468:17)
    at require (internal/module.js:20:19)
    at Object.<anonymous> (E:\grantProject\express-demo\bin\www:7:11)
ReferenceError: staticPathConfig is not defined
    at Object.<anonymous> (E:\grantProject\express-demo\app.js:18:43)
    at Module._compile (module.js:541:32)
    at Object.Module._extensions..js (module.js:550:10)
    at Module.load (module.js:458:32)
    at tryModuleLoad (module.js:417:12)
    at Function.Module._load (module.js:409:3)
    at Function._load (C:\Users\chengliang\AppData\Roaming\npm\node_modules\pm2\node_modules\pmx\lib\transaction.js:62:21)
    at Module.require (module.js:468:17)
    at require (internal/module.js:20:19)
    at Object.<anonymous> (E:\grantProject\express-demo\bin\www:7:11)
ReferenceError: staticPathConfig is not defined
    at Object.<anonymous> (E:\grantProject\express-demo\app.js:18:43)
    at Module._compile (module.js:541:32)
    at Object.Module._extensions..js (module.js:550:10)
    at Module.load (module.js:458:32)
    at tryModuleLoad (module.js:417:12)
    at Function.Module._load (module.js:409:3)
    at Function._load (C:\Users\chengliang\AppData\Roaming\npm\node_modules\pm2\node_modules\pmx\lib\transaction.js:62:21)
    at Module.require (module.js:468:17)
    at require (internal/module.js:20:19)
    at Object.<anonymous> (E:\grantProject\express-demo\bin\www:7:11)
ReferenceError: staticPathConfig is not defined
    at Object.<anonymous> (E:\grantProject\express-demo\app.js:18:43)
    at Module._compile (module.js:541:32)
    at Object.Module._extensions..js (module.js:550:10)
    at Module.load (module.js:458:32)
    at tryModuleLoad (module.js:417:12)
    at Function.Module._load (module.js:409:3)
    at Function._load (C:\Users\chengliang\AppData\Roaming\npm\node_modules\pm2\node_modules\pmx\lib\transaction.js:62:21)
    at Module.require (module.js:468:17)
    at require (internal/module.js:20:19)
    at Object.<anonymous> (E:\grantProject\express-demo\bin\www:7:11)
ReferenceError: staticPathConfig is not defined
    at Object.<anonymous> (E:\grantProject\express-demo\app.js:18:43)
    at Module._compile (module.js:541:32)
    at Object.Module._extensions..js (module.js:550:10)
    at Module.load (module.js:458:32)
    at tryModuleLoad (module.js:417:12)
    at Function.Module._load (module.js:409:3)
    at Function._load (C:\Users\chengliang\AppData\Roaming\npm\node_modules\pm2\node_modules\pmx\lib\transaction.js:62:21)
    at Module.require (module.js:468:17)
    at require (internal/module.js:20:19)
    at Object.<anonymous> (E:\grantProject\express-demo\bin\www:7:11)
ReferenceError: staticPathConfig is not defined
    at Object.<anonymous> (E:\grantProject\express-demo\app.js:18:43)
    at Module._compile (module.js:541:32)
    at Object.Module._extensions..js (module.js:550:10)
    at Module.load (module.js:458:32)
    at tryModuleLoad (module.js:417:12)
    at Function.Module._load (module.js:409:3)
    at Function._load (C:\Users\chengliang\AppData\Roaming\npm\node_modules\pm2\node_modules\pmx\lib\transaction.js:62:21)
    at Module.require (module.js:468:17)
    at require (internal/module.js:20:19)
    at Object.<anonymous> (E:\grantProject\express-demo\bin\www:7:11)
ReferenceError: staticPathConfig is not defined
    at Object.<anonymous> (E:\grantProject\express-demo\app.js:18:43)
    at Module._compile (module.js:541:32)
    at Object.Module._extensions..js (module.js:550:10)
    at Module.load (module.js:458:32)
    at tryModuleLoad (module.js:417:12)
    at Function.Module._load (module.js:409:3)
    at Function._load (C:\Users\chengliang\AppData\Roaming\npm\node_modules\pm2\node_modules\pmx\lib\transaction.js:62:21)
    at Module.require (module.js:468:17)
    at require (internal/module.js:20:19)
    at Object.<anonymous> (E:\grantProject\express-demo\bin\www:7:11)
ReferenceError: staticPathConfig is not defined
    at Object.<anonymous> (E:\grantProject\express-demo\app.js:18:43)
    at Module._compile (module.js:541:32)
    at Object.Module._extensions..js (module.js:550:10)
    at Module.load (module.js:458:32)
    at tryModuleLoad (module.js:417:12)
    at Function.Module._load (module.js:409:3)
    at Function._load (C:\Users\chengliang\AppData\Roaming\npm\node_modules\pm2\node_modules\pmx\lib\transaction.js:62:21)
    at Module.require (module.js:468:17)
    at require (internal/module.js:20:19)
    at Object.<anonymous> (E:\grantProject\express-demo\bin\www:7:11)
ReferenceError: staticPathConfig is not defined
    at Object.<anonymous> (E:\grantProject\express-demo\app.js:18:43)
    at Module._compile (module.js:541:32)
    at Object.Module._extensions..js (module.js:550:10)
    at Module.load (module.js:458:32)
    at tryModuleLoad (module.js:417:12)
    at Function.Module._load (module.js:409:3)
    at Function._load (C:\Users\chengliang\AppData\Roaming\npm\node_modules\pm2\node_modules\pmx\lib\transaction.js:62:21)
    at Module.require (module.js:468:17)
    at require (internal/module.js:20:19)
    at Object.<anonymous> (E:\grantProject\express-demo\bin\www:7:11)
ReferenceError: staticPathConfig is not defined
    at Object.<anonymous> (E:\grantProject\express-demo\app.js:18:43)
    at Module._compile (module.js:541:32)
    at Object.Module._extensions..js (module.js:550:10)
    at Module.load (module.js:458:32)
    at tryModuleLoad (module.js:417:12)
    at Function.Module._load (module.js:409:3)
    at Function._load (C:\Users\chengliang\AppData\Roaming\npm\node_modules\pm2\node_modules\pmx\lib\transaction.js:62:21)
    at Module.require (module.js:468:17)
    at require (internal/module.js:20:19)
    at Object.<anonymous> (E:\grantProject\express-demo\bin\www:7:11)
ReferenceError: staticPathConfig is not defined
    at Object.<anonymous> (E:\grantProject\express-demo\app.js:18:43)
    at Module._compile (module.js:541:32)
    at Object.Module._extensions..js (module.js:550:10)
    at Module.load (module.js:458:32)
    at tryModuleLoad (module.js:417:12)
    at Function.Module._load (module.js:409:3)
    at Function._load (C:\Users\chengliang\AppData\Roaming\npm\node_modules\pm2\node_modules\pmx\lib\transaction.js:62:21)
    at Module.require (module.js:468:17)
    at require (internal/module.js:20:19)
    at Object.<anonymous> (E:\grantProject\express-demo\bin\www:7:11)
ReferenceError: staticPathConfig is not defined
    at Object.<anonymous> (E:\grantProject\express-demo\app.js:18:43)
    at Module._compile (module.js:541:32)
    at Object.Module._extensions..js (module.js:550:10)
    at Module.load (module.js:458:32)
    at tryModuleLoad (module.js:417:12)
    at Function.Module._load (module.js:409:3)
    at Function._load (C:\Users\chengliang\AppData\Roaming\npm\node_modules\pm2\node_modules\pmx\lib\transaction.js:62:21)
    at Module.require (module.js:468:17)
    at require (internal/module.js:20:19)
    at Object.<anonymous> (E:\grantProject\express-demo\bin\www:7:11)
ReferenceError: staticPathConfig is not defined
    at Object.<anonymous> (E:\grantProject\express-demo\app.js:18:43)
    at Module._compile (module.js:541:32)
    at Object.Module._extensions..js (module.js:550:10)
    at Module.load (module.js:458:32)
    at tryModuleLoad (module.js:417:12)
    at Function.Module._load (module.js:409:3)
    at Function._load (C:\Users\chengliang\AppData\Roaming\npm\node_modules\pm2\node_modules\pmx\lib\transaction.js:62:21)
    at Module.require (module.js:468:17)
    at require (internal/module.js:20:19)
    at Object.<anonymous> (E:\grantProject\express-demo\bin\www:7:11)
ReferenceError: staticPathConfig is not defined
    at Object.<anonymous> (E:\grantProject\express-demo\app.js:18:43)
    at Module._compile (module.js:541:32)
    at Object.Module._extensions..js (module.js:550:10)
    at Module.load (module.js:458:32)
    at tryModuleLoad (module.js:417:12)
    at Function.Module._load (module.js:409:3)
    at Function._load (C:\Users\chengliang\AppData\Roaming\npm\node_modules\pm2\node_modules\pmx\lib\transaction.js:62:21)
    at Module.require (module.js:468:17)
    at require (internal/module.js:20:19)
    at Object.<anonymous> (E:\grantProject\express-demo\bin\www:7:11)
ReferenceError: staticPathConfig is not defined
    at Object.<anonymous> (E:\grantProject\express-demo\app.js:18:43)
    at Module._compile (module.js:541:32)
    at Object.Module._extensions..js (module.js:550:10)
    at Module.load (module.js:458:32)
    at tryModuleLoad (module.js:417:12)
    at Function.Module._load (module.js:409:3)
    at Function._load (C:\Users\chengliang\AppData\Roaming\npm\node_modules\pm2\node_modules\pmx\lib\transaction.js:62:21)
    at Module.require (module.js:468:17)
    at require (internal/module.js:20:19)
    at Object.<anonymous> (E:\grantProject\express-demo\bin\www:7:11)
2016-07-29 14:23:67: Error: Failed to lookup view "test/a/aa" in views directory "E:\grantProject\express-demo\views\partials"
    at EventEmitter.render (E:\grantProject\express-demo\node_modules\express\lib\application.js:579:17)
    at ServerResponse.render (E:\grantProject\express-demo\node_modules\express\lib\response.js:961:7)
    at E:\grantProject\express-demo\routes\index.js:6:6
    at Layer.handle [as handle_request] (E:\grantProject\express-demo\node_modules\express\lib\router\layer.js:95:5)
    at next (E:\grantProject\express-demo\node_modules\express\lib\router\route.js:131:13)
    at Route.dispatch (E:\grantProject\express-demo\node_modules\express\lib\router\route.js:112:3)
    at Layer.handle [as handle_request] (E:\grantProject\express-demo\node_modules\express\lib\router\layer.js:95:5)
    at E:\grantProject\express-demo\node_modules\express\lib\router\index.js:277:22
    at Function.process_params (E:\grantProject\express-demo\node_modules\express\lib\router\index.js:330:12)
    at next (E:\grantProject\express-demo\node_modules\express\lib\router\index.js:271:10)
2016-07-29 15:44:06: Error: Not Found
    at E:\grantProject\express-demo\app.js:35:13
    at Layer.handle [as handle_request] (E:\grantProject\express-demo\node_modules\express\lib\router\layer.js:95:5)
    at trim_prefix (E:\grantProject\express-demo\node_modules\express\lib\router\index.js:312:13)
    at E:\grantProject\express-demo\node_modules\express\lib\router\index.js:280:7
    at Function.process_params (E:\grantProject\express-demo\node_modules\express\lib\router\index.js:330:12)
    at next (E:\grantProject\express-demo\node_modules\express\lib\router\index.js:271:10)
    at E:\grantProject\express-demo\node_modules\express\lib\router\index.js:618:15
    at next (E:\grantProject\express-demo\node_modules\express\lib\router\index.js:256:14)
    at Function.handle (E:\grantProject\express-demo\node_modules\express\lib\router\index.js:176:3)
    at router (E:\grantProject\express-demo\node_modules\express\lib\router\index.js:46:12)
2016-07-29 15:45:37: Error: Not Found
    at E:\grantProject\express-demo\app.js:35:13
    at Layer.handle [as handle_request] (E:\grantProject\express-demo\node_modules\express\lib\router\layer.js:95:5)
    at trim_prefix (E:\grantProject\express-demo\node_modules\express\lib\router\index.js:312:13)
    at E:\grantProject\express-demo\node_modules\express\lib\router\index.js:280:7
    at Function.process_params (E:\grantProject\express-demo\node_modules\express\lib\router\index.js:330:12)
    at next (E:\grantProject\express-demo\node_modules\express\lib\router\index.js:271:10)
    at E:\grantProject\express-demo\node_modules\express\lib\router\index.js:618:15
    at next (E:\grantProject\express-demo\node_modules\express\lib\router\index.js:256:14)
    at Function.handle (E:\grantProject\express-demo\node_modules\express\lib\router\index.js:176:3)
    at router (E:\grantProject\express-demo\node_modules\express\lib\router\index.js:46:12)
2016-07-29 15:49:98: Error: Failed to lookup view "error" in views directory "E:\grantProject\express-demo\static"
    at EventEmitter.render (E:\grantProject\express-demo\node_modules\express\lib\application.js:579:17)
    at ServerResponse.render (E:\grantProject\express-demo\node_modules\express\lib\response.js:961:7)
    at E:\grantProject\express-demo\app.js:58:7
    at Layer.handle_error (E:\grantProject\express-demo\node_modules\express\lib\router\layer.js:71:5)
    at trim_prefix (E:\grantProject\express-demo\node_modules\express\lib\router\index.js:310:13)
    at E:\grantProject\express-demo\node_modules\express\lib\router\index.js:280:7
    at Function.process_params (E:\grantProject\express-demo\node_modules\express\lib\router\index.js:330:12)
    at next (E:\grantProject\express-demo\node_modules\express\lib\router\index.js:271:10)
    at E:\grantProject\express-demo\app.js:37:3
    at Layer.handle [as handle_request] (E:\grantProject\express-demo\node_modules\express\lib\router\layer.js:95:5)
2016-07-29 15:49:93: Error: Failed to lookup view "error" in views directory "E:\grantProject\express-demo\static"
    at EventEmitter.render (E:\grantProject\express-demo\node_modules\express\lib\application.js:579:17)
    at ServerResponse.render (E:\grantProject\express-demo\node_modules\express\lib\response.js:961:7)
    at E:\grantProject\express-demo\app.js:58:7
    at Layer.handle_error (E:\grantProject\express-demo\node_modules\express\lib\router\layer.js:71:5)
    at trim_prefix (E:\grantProject\express-demo\node_modules\express\lib\router\index.js:310:13)
    at E:\grantProject\express-demo\node_modules\express\lib\router\index.js:280:7
    at Function.process_params (E:\grantProject\express-demo\node_modules\express\lib\router\index.js:330:12)
    at next (E:\grantProject\express-demo\node_modules\express\lib\router\index.js:271:10)
    at E:\grantProject\express-demo\app.js:37:3
    at Layer.handle [as handle_request] (E:\grantProject\express-demo\node_modules\express\lib\router\layer.js:95:5)
2016-07-29 15:50:24: Error: Failed to lookup view "error" in views directory "E:\grantProject\express-demo\static"
    at EventEmitter.render (E:\grantProject\express-demo\node_modules\express\lib\application.js:579:17)
    at ServerResponse.render (E:\grantProject\express-demo\node_modules\express\lib\response.js:961:7)
    at E:\grantProject\express-demo\app.js:58:7
    at Layer.handle_error (E:\grantProject\express-demo\node_modules\express\lib\router\layer.js:71:5)
    at trim_prefix (E:\grantProject\express-demo\node_modules\express\lib\router\index.js:310:13)
    at E:\grantProject\express-demo\node_modules\express\lib\router\index.js:280:7
    at Function.process_params (E:\grantProject\express-demo\node_modules\express\lib\router\index.js:330:12)
    at next (E:\grantProject\express-demo\node_modules\express\lib\router\index.js:271:10)
    at E:\grantProject\express-demo\app.js:37:3
    at Layer.handle [as handle_request] (E:\grantProject\express-demo\node_modules\express\lib\router\layer.js:95:5)
2016-07-29 15:50:39: Error: Failed to lookup view "error" in views directory "E:\grantProject\express-demo\static"
    at EventEmitter.render (E:\grantProject\express-demo\node_modules\express\lib\application.js:579:17)
    at ServerResponse.render (E:\grantProject\express-demo\node_modules\express\lib\response.js:961:7)
    at E:\grantProject\express-demo\app.js:58:7
    at Layer.handle_error (E:\grantProject\express-demo\node_modules\express\lib\router\layer.js:71:5)
    at trim_prefix (E:\grantProject\express-demo\node_modules\express\lib\router\index.js:310:13)
    at E:\grantProject\express-demo\node_modules\express\lib\router\index.js:280:7
    at Function.process_params (E:\grantProject\express-demo\node_modules\express\lib\router\index.js:330:12)
    at next (E:\grantProject\express-demo\node_modules\express\lib\router\index.js:271:10)
    at E:\grantProject\express-demo\app.js:37:3
    at Layer.handle [as handle_request] (E:\grantProject\express-demo\node_modules\express\lib\router\layer.js:95:5)
2016-07-29 15:58:15: Error: Failed to lookup view "error" in views directory "E:\grantProject\express-demo\static"
    at EventEmitter.render (E:\grantProject\express-demo\node_modules\express\lib\application.js:579:17)
    at ServerResponse.render (E:\grantProject\express-demo\node_modules\express\lib\response.js:961:7)
    at E:\grantProject\express-demo\app.js:58:7
    at Layer.handle_error (E:\grantProject\express-demo\node_modules\express\lib\router\layer.js:71:5)
    at trim_prefix (E:\grantProject\express-demo\node_modules\express\lib\router\index.js:310:13)
    at E:\grantProject\express-demo\node_modules\express\lib\router\index.js:280:7
    at Function.process_params (E:\grantProject\express-demo\node_modules\express\lib\router\index.js:330:12)
    at next (E:\grantProject\express-demo\node_modules\express\lib\router\index.js:271:10)
    at E:\grantProject\express-demo\app.js:37:3
    at Layer.handle [as handle_request] (E:\grantProject\express-demo\node_modules\express\lib\router\layer.js:95:5)
