2016-07-28 15:25:27: [0mGET / [32m200 [0m656.235 ms - 170[0m
2016-07-28 15:25:47: [0mGET /stylesheets/style.css [36m304 [0m1.790 ms - -[0m
2016-07-28 15:25:95: [0mGET / [36m304 [0m42.159 ms - -[0m
2016-07-28 15:25:15: [0mGET /stylesheets/style.css [36m304 [0m0.509 ms - -[0m
2016-07-28 18:35:06: 中文
2016-07-28 18:35:06: [0mGET / [32m200 [0m486.263 ms - 170[0m
2016-07-28 18:35:08: 中文
2016-07-28 18:35:08: [0mGET / [32m200 [0m19.314 ms - 170[0m
2016-07-28 18:35:25: [0mGET /stylesheets/style.css [36m304 [0m1.517 ms - -[0m
2016-07-29 14:23:67: [0mGET / [31m500 [0m10.883 ms - 1230[0m
2016-07-29 15:43:33: [0mGET / [32m200 [0m19.470 ms - 110[0m
2016-07-29 15:43:40: [0mGET / [32m200 [0m3.920 ms - 110[0m
2016-07-29 15:44:06: [0mGET / [33m404 [0m8.747 ms - 1063[0m
2016-07-29 15:45:37: [0mGET / [33m404 [0m1.197 ms - 1063[0m
2016-07-29 15:48:61: [0mGET / [32m200 [0m9.765 ms - 11[0m
2016-07-29 15:48:17: [0mGET /subscribeTemplate [32m200 [0m22.601 ms - 110[0m
2016-07-29 15:49:72: [0mGET /subscribeTemplate [32m200 [0m25.220 ms - 110[0m
2016-07-29 15:49:98: [0mGET /subscribeTemplat [33m404 [0m5.083 ms - 1150[0m
2016-07-29 15:49:92: [0mGET /subscribeTemplat [33m404 [0m16.642 ms - 1150[0m
2016-07-29 15:50:24: [0mGET /subscribeTemplat [33m404 [0m2.854 ms - 1150[0m
2016-07-29 15:50:39: [0mGET /subscribeTemplat [33m404 [0m17.322 ms - 1150[0m
2016-07-29 15:58:14: [0mGET /subscribeTemplat [33m404 [0m17.906 ms - 1150[0m
2016-07-29 15:58:54: [0mGET /subscribeTemplate [32m200 [0m28.835 ms - 110[0m
