2016-07-28 15:25:27: [0mGET / [32m200 [0m656.235 ms - 170[0m
2016-07-28 15:25:47: [0mGET /stylesheets/style.css [36m304 [0m1.790 ms - -[0m
2016-07-28 15:25:95: [0mGET / [36m304 [0m42.159 ms - -[0m
2016-07-28 15:25:15: [0mGET /stylesheets/style.css [36m304 [0m0.509 ms - -[0m
2016-07-28 18:35:06: 中文
2016-07-28 18:35:06: [0mGET / [32m200 [0m486.263 ms - 170[0m
2016-07-28 18:35:08: 中文
2016-07-28 18:35:08: [0mGET / [32m200 [0m19.314 ms - 170[0m
2016-07-28 18:35:25: [0mGET /stylesheets/style.css [36m304 [0m1.517 ms - -[0m
ReferenceError: staticPathConfig is not defined
    at Object.<anonymous> (E:\grantProject\express-demo\app.js:18:43)
    at Module._compile (module.js:541:32)
    at Object.Module._extensions..js (module.js:550:10)
    at Module.load (module.js:458:32)
    at tryModuleLoad (module.js:417:12)
    at Function.Module._load (module.js:409:3)
    at Function._load (C:\Users\chengliang\AppData\Roaming\npm\node_modules\pm2\node_modules\pmx\lib\transaction.js:62:21)
    at Module.require (module.js:468:17)
    at require (internal/module.js:20:19)
    at Object.<anonymous> (E:\grantProject\express-demo\bin\www:7:11)
ReferenceError: staticPathConfig is not defined
    at Object.<anonymous> (E:\grantProject\express-demo\app.js:18:43)
    at Module._compile (module.js:541:32)
    at Object.Module._extensions..js (module.js:550:10)
    at Module.load (module.js:458:32)
    at tryModuleLoad (module.js:417:12)
    at Function.Module._load (module.js:409:3)
    at Function._load (C:\Users\chengliang\AppData\Roaming\npm\node_modules\pm2\node_modules\pmx\lib\transaction.js:62:21)
    at Module.require (module.js:468:17)
    at require (internal/module.js:20:19)
    at Object.<anonymous> (E:\grantProject\express-demo\bin\www:7:11)
ReferenceError: staticPathConfig is not defined
    at Object.<anonymous> (E:\grantProject\express-demo\app.js:18:43)
    at Module._compile (module.js:541:32)
    at Object.Module._extensions..js (module.js:550:10)
    at Module.load (module.js:458:32)
    at tryModuleLoad (module.js:417:12)
    at Function.Module._load (module.js:409:3)
    at Function._load (C:\Users\chengliang\AppData\Roaming\npm\node_modules\pm2\node_modules\pmx\lib\transaction.js:62:21)
    at Module.require (module.js:468:17)
    at require (internal/module.js:20:19)
    at Object.<anonymous> (E:\grantProject\express-demo\bin\www:7:11)
ReferenceError: staticPathConfig is not defined
    at Object.<anonymous> (E:\grantProject\express-demo\app.js:18:43)
    at Module._compile (module.js:541:32)
    at Object.Module._extensions..js (module.js:550:10)
    at Module.load (module.js:458:32)
    at tryModuleLoad (module.js:417:12)
    at Function.Module._load (module.js:409:3)
    at Function._load (C:\Users\chengliang\AppData\Roaming\npm\node_modules\pm2\node_modules\pmx\lib\transaction.js:62:21)
    at Module.require (module.js:468:17)
    at require (internal/module.js:20:19)
    at Object.<anonymous> (E:\grantProject\express-demo\bin\www:7:11)
ReferenceError: staticPathConfig is not defined
    at Object.<anonymous> (E:\grantProject\express-demo\app.js:18:43)
    at Module._compile (module.js:541:32)
    at Object.Module._extensions..js (module.js:550:10)
    at Module.load (module.js:458:32)
    at tryModuleLoad (module.js:417:12)
    at Function.Module._load (module.js:409:3)
    at Function._load (C:\Users\chengliang\AppData\Roaming\npm\node_modules\pm2\node_modules\pmx\lib\transaction.js:62:21)
    at Module.require (module.js:468:17)
    at require (internal/module.js:20:19)
    at Object.<anonymous> (E:\grantProject\express-demo\bin\www:7:11)
ReferenceError: staticPathConfig is not defined
    at Object.<anonymous> (E:\grantProject\express-demo\app.js:18:43)
    at Module._compile (module.js:541:32)
    at Object.Module._extensions..js (module.js:550:10)
    at Module.load (module.js:458:32)
    at tryModuleLoad (module.js:417:12)
    at Function.Module._load (module.js:409:3)
    at Function._load (C:\Users\chengliang\AppData\Roaming\npm\node_modules\pm2\node_modules\pmx\lib\transaction.js:62:21)
    at Module.require (module.js:468:17)
    at require (internal/module.js:20:19)
    at Object.<anonymous> (E:\grantProject\express-demo\bin\www:7:11)
ReferenceError: staticPathConfig is not defined
    at Object.<anonymous> (E:\grantProject\express-demo\app.js:18:43)
    at Module._compile (module.js:541:32)
    at Object.Module._extensions..js (module.js:550:10)
    at Module.load (module.js:458:32)
    at tryModuleLoad (module.js:417:12)
    at Function.Module._load (module.js:409:3)
    at Function._load (C:\Users\chengliang\AppData\Roaming\npm\node_modules\pm2\node_modules\pmx\lib\transaction.js:62:21)
    at Module.require (module.js:468:17)
    at require (internal/module.js:20:19)
    at Object.<anonymous> (E:\grantProject\express-demo\bin\www:7:11)
ReferenceError: staticPathConfig is not defined
    at Object.<anonymous> (E:\grantProject\express-demo\app.js:18:43)
    at Module._compile (module.js:541:32)
    at Object.Module._extensions..js (module.js:550:10)
    at Module.load (module.js:458:32)
    at tryModuleLoad (module.js:417:12)
    at Function.Module._load (module.js:409:3)
    at Function._load (C:\Users\chengliang\AppData\Roaming\npm\node_modules\pm2\node_modules\pmx\lib\transaction.js:62:21)
    at Module.require (module.js:468:17)
    at require (internal/module.js:20:19)
    at Object.<anonymous> (E:\grantProject\express-demo\bin\www:7:11)
ReferenceError: staticPathConfig is not defined
    at Object.<anonymous> (E:\grantProject\express-demo\app.js:18:43)
    at Module._compile (module.js:541:32)
    at Object.Module._extensions..js (module.js:550:10)
    at Module.load (module.js:458:32)
    at tryModuleLoad (module.js:417:12)
    at Function.Module._load (module.js:409:3)
    at Function._load (C:\Users\chengliang\AppData\Roaming\npm\node_modules\pm2\node_modules\pmx\lib\transaction.js:62:21)
    at Module.require (module.js:468:17)
    at require (internal/module.js:20:19)
    at Object.<anonymous> (E:\grantProject\express-demo\bin\www:7:11)
ReferenceError: staticPathConfig is not defined
    at Object.<anonymous> (E:\grantProject\express-demo\app.js:18:43)
    at Module._compile (module.js:541:32)
    at Object.Module._extensions..js (module.js:550:10)
    at Module.load (module.js:458:32)
    at tryModuleLoad (module.js:417:12)
    at Function.Module._load (module.js:409:3)
    at Function._load (C:\Users\chengliang\AppData\Roaming\npm\node_modules\pm2\node_modules\pmx\lib\transaction.js:62:21)
    at Module.require (module.js:468:17)
    at require (internal/module.js:20:19)
    at Object.<anonymous> (E:\grantProject\express-demo\bin\www:7:11)
ReferenceError: staticPathConfig is not defined
    at Object.<anonymous> (E:\grantProject\express-demo\app.js:18:43)
    at Module._compile (module.js:541:32)
    at Object.Module._extensions..js (module.js:550:10)
    at Module.load (module.js:458:32)
    at tryModuleLoad (module.js:417:12)
    at Function.Module._load (module.js:409:3)
    at Function._load (C:\Users\chengliang\AppData\Roaming\npm\node_modules\pm2\node_modules\pmx\lib\transaction.js:62:21)
    at Module.require (module.js:468:17)
    at require (internal/module.js:20:19)
    at Object.<anonymous> (E:\grantProject\express-demo\bin\www:7:11)
ReferenceError: staticPathConfig is not defined
    at Object.<anonymous> (E:\grantProject\express-demo\app.js:18:43)
    at Module._compile (module.js:541:32)
    at Object.Module._extensions..js (module.js:550:10)
    at Module.load (module.js:458:32)
    at tryModuleLoad (module.js:417:12)
    at Function.Module._load (module.js:409:3)
    at Function._load (C:\Users\chengliang\AppData\Roaming\npm\node_modules\pm2\node_modules\pmx\lib\transaction.js:62:21)
    at Module.require (module.js:468:17)
    at require (internal/module.js:20:19)
    at Object.<anonymous> (E:\grantProject\express-demo\bin\www:7:11)
ReferenceError: staticPathConfig is not defined
    at Object.<anonymous> (E:\grantProject\express-demo\app.js:18:43)
    at Module._compile (module.js:541:32)
    at Object.Module._extensions..js (module.js:550:10)
    at Module.load (module.js:458:32)
    at tryModuleLoad (module.js:417:12)
    at Function.Module._load (module.js:409:3)
    at Function._load (C:\Users\chengliang\AppData\Roaming\npm\node_modules\pm2\node_modules\pmx\lib\transaction.js:62:21)
    at Module.require (module.js:468:17)
    at require (internal/module.js:20:19)
    at Object.<anonymous> (E:\grantProject\express-demo\bin\www:7:11)
ReferenceError: staticPathConfig is not defined
    at Object.<anonymous> (E:\grantProject\express-demo\app.js:18:43)
    at Module._compile (module.js:541:32)
    at Object.Module._extensions..js (module.js:550:10)
    at Module.load (module.js:458:32)
    at tryModuleLoad (module.js:417:12)
    at Function.Module._load (module.js:409:3)
    at Function._load (C:\Users\chengliang\AppData\Roaming\npm\node_modules\pm2\node_modules\pmx\lib\transaction.js:62:21)
    at Module.require (module.js:468:17)
    at require (internal/module.js:20:19)
    at Object.<anonymous> (E:\grantProject\express-demo\bin\www:7:11)
ReferenceError: staticPathConfig is not defined
    at Object.<anonymous> (E:\grantProject\express-demo\app.js:18:43)
    at Module._compile (module.js:541:32)
    at Object.Module._extensions..js (module.js:550:10)
    at Module.load (module.js:458:32)
    at tryModuleLoad (module.js:417:12)
    at Function.Module._load (module.js:409:3)
    at Function._load (C:\Users\chengliang\AppData\Roaming\npm\node_modules\pm2\node_modules\pmx\lib\transaction.js:62:21)
    at Module.require (module.js:468:17)
    at require (internal/module.js:20:19)
    at Object.<anonymous> (E:\grantProject\express-demo\bin\www:7:11)
ReferenceError: staticPathConfig is not defined
    at Object.<anonymous> (E:\grantProject\express-demo\app.js:18:43)
    at Module._compile (module.js:541:32)
    at Object.Module._extensions..js (module.js:550:10)
    at Module.load (module.js:458:32)
    at tryModuleLoad (module.js:417:12)
    at Function.Module._load (module.js:409:3)
    at Function._load (C:\Users\chengliang\AppData\Roaming\npm\node_modules\pm2\node_modules\pmx\lib\transaction.js:62:21)
    at Module.require (module.js:468:17)
    at require (internal/module.js:20:19)
    at Object.<anonymous> (E:\grantProject\express-demo\bin\www:7:11)
ReferenceError: staticPathConfig is not defined
    at Object.<anonymous> (E:\grantProject\express-demo\app.js:18:43)
    at Module._compile (module.js:541:32)
    at Object.Module._extensions..js (module.js:550:10)
    at Module.load (module.js:458:32)
    at tryModuleLoad (module.js:417:12)
    at Function.Module._load (module.js:409:3)
    at Function._load (C:\Users\chengliang\AppData\Roaming\npm\node_modules\pm2\node_modules\pmx\lib\transaction.js:62:21)
    at Module.require (module.js:468:17)
    at require (internal/module.js:20:19)
    at Object.<anonymous> (E:\grantProject\express-demo\bin\www:7:11)
ReferenceError: staticPathConfig is not defined
    at Object.<anonymous> (E:\grantProject\express-demo\app.js:18:43)
    at Module._compile (module.js:541:32)
    at Object.Module._extensions..js (module.js:550:10)
    at Module.load (module.js:458:32)
    at tryModuleLoad (module.js:417:12)
    at Function.Module._load (module.js:409:3)
    at Function._load (C:\Users\chengliang\AppData\Roaming\npm\node_modules\pm2\node_modules\pmx\lib\transaction.js:62:21)
    at Module.require (module.js:468:17)
    at require (internal/module.js:20:19)
    at Object.<anonymous> (E:\grantProject\express-demo\bin\www:7:11)
ReferenceError: staticPathConfig is not defined
    at Object.<anonymous> (E:\grantProject\express-demo\app.js:18:43)
    at Module._compile (module.js:541:32)
    at Object.Module._extensions..js (module.js:550:10)
    at Module.load (module.js:458:32)
    at tryModuleLoad (module.js:417:12)
    at Function.Module._load (module.js:409:3)
    at Function._load (C:\Users\chengliang\AppData\Roaming\npm\node_modules\pm2\node_modules\pmx\lib\transaction.js:62:21)
    at Module.require (module.js:468:17)
    at require (internal/module.js:20:19)
    at Object.<anonymous> (E:\grantProject\express-demo\bin\www:7:11)
ReferenceError: staticPathConfig is not defined
    at Object.<anonymous> (E:\grantProject\express-demo\app.js:18:43)
    at Module._compile (module.js:541:32)
    at Object.Module._extensions..js (module.js:550:10)
    at Module.load (module.js:458:32)
    at tryModuleLoad (module.js:417:12)
    at Function.Module._load (module.js:409:3)
    at Function._load (C:\Users\chengliang\AppData\Roaming\npm\node_modules\pm2\node_modules\pmx\lib\transaction.js:62:21)
    at Module.require (module.js:468:17)
    at require (internal/module.js:20:19)
    at Object.<anonymous> (E:\grantProject\express-demo\bin\www:7:11)
ReferenceError: staticPathConfig is not defined
    at Object.<anonymous> (E:\grantProject\express-demo\app.js:18:43)
    at Module._compile (module.js:541:32)
    at Object.Module._extensions..js (module.js:550:10)
    at Module.load (module.js:458:32)
    at tryModuleLoad (module.js:417:12)
    at Function.Module._load (module.js:409:3)
    at Function._load (C:\Users\chengliang\AppData\Roaming\npm\node_modules\pm2\node_modules\pmx\lib\transaction.js:62:21)
    at Module.require (module.js:468:17)
    at require (internal/module.js:20:19)
    at Object.<anonymous> (E:\grantProject\express-demo\bin\www:7:11)
ReferenceError: staticPathConfig is not defined
    at Object.<anonymous> (E:\grantProject\express-demo\app.js:18:43)
    at Module._compile (module.js:541:32)
    at Object.Module._extensions..js (module.js:550:10)
    at Module.load (module.js:458:32)
    at tryModuleLoad (module.js:417:12)
    at Function.Module._load (module.js:409:3)
    at Function._load (C:\Users\chengliang\AppData\Roaming\npm\node_modules\pm2\node_modules\pmx\lib\transaction.js:62:21)
    at Module.require (module.js:468:17)
    at require (internal/module.js:20:19)
    at Object.<anonymous> (E:\grantProject\express-demo\bin\www:7:11)
ReferenceError: staticPathConfig is not defined
    at Object.<anonymous> (E:\grantProject\express-demo\app.js:18:43)
    at Module._compile (module.js:541:32)
    at Object.Module._extensions..js (module.js:550:10)
    at Module.load (module.js:458:32)
    at tryModuleLoad (module.js:417:12)
    at Function.Module._load (module.js:409:3)
    at Function._load (C:\Users\chengliang\AppData\Roaming\npm\node_modules\pm2\node_modules\pmx\lib\transaction.js:62:21)
    at Module.require (module.js:468:17)
    at require (internal/module.js:20:19)
    at Object.<anonymous> (E:\grantProject\express-demo\bin\www:7:11)
ReferenceError: staticPathConfig is not defined
    at Object.<anonymous> (E:\grantProject\express-demo\app.js:18:43)
    at Module._compile (module.js:541:32)
    at Object.Module._extensions..js (module.js:550:10)
    at Module.load (module.js:458:32)
    at tryModuleLoad (module.js:417:12)
    at Function.Module._load (module.js:409:3)
    at Function._load (C:\Users\chengliang\AppData\Roaming\npm\node_modules\pm2\node_modules\pmx\lib\transaction.js:62:21)
    at Module.require (module.js:468:17)
    at require (internal/module.js:20:19)
    at Object.<anonymous> (E:\grantProject\express-demo\bin\www:7:11)
ReferenceError: staticPathConfig is not defined
    at Object.<anonymous> (E:\grantProject\express-demo\app.js:18:43)
    at Module._compile (module.js:541:32)
    at Object.Module._extensions..js (module.js:550:10)
    at Module.load (module.js:458:32)
    at tryModuleLoad (module.js:417:12)
    at Function.Module._load (module.js:409:3)
    at Function._load (C:\Users\chengliang\AppData\Roaming\npm\node_modules\pm2\node_modules\pmx\lib\transaction.js:62:21)
    at Module.require (module.js:468:17)
    at require (internal/module.js:20:19)
    at Object.<anonymous> (E:\grantProject\express-demo\bin\www:7:11)
ReferenceError: staticPathConfig is not defined
    at Object.<anonymous> (E:\grantProject\express-demo\app.js:18:43)
    at Module._compile (module.js:541:32)
    at Object.Module._extensions..js (module.js:550:10)
    at Module.load (module.js:458:32)
    at tryModuleLoad (module.js:417:12)
    at Function.Module._load (module.js:409:3)
    at Function._load (C:\Users\chengliang\AppData\Roaming\npm\node_modules\pm2\node_modules\pmx\lib\transaction.js:62:21)
    at Module.require (module.js:468:17)
    at require (internal/module.js:20:19)
    at Object.<anonymous> (E:\grantProject\express-demo\bin\www:7:11)
ReferenceError: staticPathConfig is not defined
    at Object.<anonymous> (E:\grantProject\express-demo\app.js:18:43)
    at Module._compile (module.js:541:32)
    at Object.Module._extensions..js (module.js:550:10)
    at Module.load (module.js:458:32)
    at tryModuleLoad (module.js:417:12)
    at Function.Module._load (module.js:409:3)
    at Function._load (C:\Users\chengliang\AppData\Roaming\npm\node_modules\pm2\node_modules\pmx\lib\transaction.js:62:21)
    at Module.require (module.js:468:17)
    at require (internal/module.js:20:19)
    at Object.<anonymous> (E:\grantProject\express-demo\bin\www:7:11)
ReferenceError: staticPathConfig is not defined
    at Object.<anonymous> (E:\grantProject\express-demo\app.js:18:43)
    at Module._compile (module.js:541:32)
    at Object.Module._extensions..js (module.js:550:10)
    at Module.load (module.js:458:32)
    at tryModuleLoad (module.js:417:12)
    at Function.Module._load (module.js:409:3)
    at Function._load (C:\Users\chengliang\AppData\Roaming\npm\node_modules\pm2\node_modules\pmx\lib\transaction.js:62:21)
    at Module.require (module.js:468:17)
    at require (internal/module.js:20:19)
    at Object.<anonymous> (E:\grantProject\express-demo\bin\www:7:11)
ReferenceError: staticPathConfig is not defined
    at Object.<anonymous> (E:\grantProject\express-demo\app.js:18:43)
    at Module._compile (module.js:541:32)
    at Object.Module._extensions..js (module.js:550:10)
    at Module.load (module.js:458:32)
    at tryModuleLoad (module.js:417:12)
    at Function.Module._load (module.js:409:3)
    at Function._load (C:\Users\chengliang\AppData\Roaming\npm\node_modules\pm2\node_modules\pmx\lib\transaction.js:62:21)
    at Module.require (module.js:468:17)
    at require (internal/module.js:20:19)
    at Object.<anonymous> (E:\grantProject\express-demo\bin\www:7:11)
ReferenceError: staticPathConfig is not defined
    at Object.<anonymous> (E:\grantProject\express-demo\app.js:18:43)
    at Module._compile (module.js:541:32)
    at Object.Module._extensions..js (module.js:550:10)
    at Module.load (module.js:458:32)
    at tryModuleLoad (module.js:417:12)
    at Function.Module._load (module.js:409:3)
    at Function._load (C:\Users\chengliang\AppData\Roaming\npm\node_modules\pm2\node_modules\pmx\lib\transaction.js:62:21)
    at Module.require (module.js:468:17)
    at require (internal/module.js:20:19)
    at Object.<anonymous> (E:\grantProject\express-demo\bin\www:7:11)
ReferenceError: staticPathConfig is not defined
    at Object.<anonymous> (E:\grantProject\express-demo\app.js:18:43)
    at Module._compile (module.js:541:32)
    at Object.Module._extensions..js (module.js:550:10)
    at Module.load (module.js:458:32)
    at tryModuleLoad (module.js:417:12)
    at Function.Module._load (module.js:409:3)
    at Function._load (C:\Users\chengliang\AppData\Roaming\npm\node_modules\pm2\node_modules\pmx\lib\transaction.js:62:21)
    at Module.require (module.js:468:17)
    at require (internal/module.js:20:19)
    at Object.<anonymous> (E:\grantProject\express-demo\bin\www:7:11)
ReferenceError: staticPathConfig is not defined
    at Object.<anonymous> (E:\grantProject\express-demo\app.js:18:43)
    at Module._compile (module.js:541:32)
    at Object.Module._extensions..js (module.js:550:10)
    at Module.load (module.js:458:32)
    at tryModuleLoad (module.js:417:12)
    at Function.Module._load (module.js:409:3)
    at Function._load (C:\Users\chengliang\AppData\Roaming\npm\node_modules\pm2\node_modules\pmx\lib\transaction.js:62:21)
    at Module.require (module.js:468:17)
    at require (internal/module.js:20:19)
    at Object.<anonymous> (E:\grantProject\express-demo\bin\www:7:11)
ReferenceError: staticPathConfig is not defined
    at Object.<anonymous> (E:\grantProject\express-demo\app.js:18:43)
    at Module._compile (module.js:541:32)
    at Object.Module._extensions..js (module.js:550:10)
    at Module.load (module.js:458:32)
    at tryModuleLoad (module.js:417:12)
    at Function.Module._load (module.js:409:3)
    at Function._load (C:\Users\chengliang\AppData\Roaming\npm\node_modules\pm2\node_modules\pmx\lib\transaction.js:62:21)
    at Module.require (module.js:468:17)
    at require (internal/module.js:20:19)
    at Object.<anonymous> (E:\grantProject\express-demo\bin\www:7:11)
ReferenceError: staticPathConfig is not defined
    at Object.<anonymous> (E:\grantProject\express-demo\app.js:18:43)
    at Module._compile (module.js:541:32)
    at Object.Module._extensions..js (module.js:550:10)
    at Module.load (module.js:458:32)
    at tryModuleLoad (module.js:417:12)
    at Function.Module._load (module.js:409:3)
    at Function._load (C:\Users\chengliang\AppData\Roaming\npm\node_modules\pm2\node_modules\pmx\lib\transaction.js:62:21)
    at Module.require (module.js:468:17)
    at require (internal/module.js:20:19)
    at Object.<anonymous> (E:\grantProject\express-demo\bin\www:7:11)
ReferenceError: staticPathConfig is not defined
    at Object.<anonymous> (E:\grantProject\express-demo\app.js:18:43)
    at Module._compile (module.js:541:32)
    at Object.Module._extensions..js (module.js:550:10)
    at Module.load (module.js:458:32)
    at tryModuleLoad (module.js:417:12)
    at Function.Module._load (module.js:409:3)
    at Function._load (C:\Users\chengliang\AppData\Roaming\npm\node_modules\pm2\node_modules\pmx\lib\transaction.js:62:21)
    at Module.require (module.js:468:17)
    at require (internal/module.js:20:19)
    at Object.<anonymous> (E:\grantProject\express-demo\bin\www:7:11)
ReferenceError: staticPathConfig is not defined
    at Object.<anonymous> (E:\grantProject\express-demo\app.js:18:43)
    at Module._compile (module.js:541:32)
    at Object.Module._extensions..js (module.js:550:10)
    at Module.load (module.js:458:32)
    at tryModuleLoad (module.js:417:12)
    at Function.Module._load (module.js:409:3)
    at Function._load (C:\Users\chengliang\AppData\Roaming\npm\node_modules\pm2\node_modules\pmx\lib\transaction.js:62:21)
    at Module.require (module.js:468:17)
    at require (internal/module.js:20:19)
    at Object.<anonymous> (E:\grantProject\express-demo\bin\www:7:11)
ReferenceError: staticPathConfig is not defined
    at Object.<anonymous> (E:\grantProject\express-demo\app.js:18:43)
    at Module._compile (module.js:541:32)
    at Object.Module._extensions..js (module.js:550:10)
    at Module.load (module.js:458:32)
    at tryModuleLoad (module.js:417:12)
    at Function.Module._load (module.js:409:3)
    at Function._load (C:\Users\chengliang\AppData\Roaming\npm\node_modules\pm2\node_modules\pmx\lib\transaction.js:62:21)
    at Module.require (module.js:468:17)
    at require (internal/module.js:20:19)
    at Object.<anonymous> (E:\grantProject\express-demo\bin\www:7:11)
ReferenceError: staticPathConfig is not defined
    at Object.<anonymous> (E:\grantProject\express-demo\app.js:18:43)
    at Module._compile (module.js:541:32)
    at Object.Module._extensions..js (module.js:550:10)
    at Module.load (module.js:458:32)
    at tryModuleLoad (module.js:417:12)
    at Function.Module._load (module.js:409:3)
    at Function._load (C:\Users\chengliang\AppData\Roaming\npm\node_modules\pm2\node_modules\pmx\lib\transaction.js:62:21)
    at Module.require (module.js:468:17)
    at require (internal/module.js:20:19)
    at Object.<anonymous> (E:\grantProject\express-demo\bin\www:7:11)
ReferenceError: staticPathConfig is not defined
    at Object.<anonymous> (E:\grantProject\express-demo\app.js:18:43)
    at Module._compile (module.js:541:32)
    at Object.Module._extensions..js (module.js:550:10)
    at Module.load (module.js:458:32)
    at tryModuleLoad (module.js:417:12)
    at Function.Module._load (module.js:409:3)
    at Function._load (C:\Users\chengliang\AppData\Roaming\npm\node_modules\pm2\node_modules\pmx\lib\transaction.js:62:21)
    at Module.require (module.js:468:17)
    at require (internal/module.js:20:19)
    at Object.<anonymous> (E:\grantProject\express-demo\bin\www:7:11)
ReferenceError: staticPathConfig is not defined
    at Object.<anonymous> (E:\grantProject\express-demo\app.js:18:43)
    at Module._compile (module.js:541:32)
    at Object.Module._extensions..js (module.js:550:10)
    at Module.load (module.js:458:32)
    at tryModuleLoad (module.js:417:12)
    at Function.Module._load (module.js:409:3)
    at Function._load (C:\Users\chengliang\AppData\Roaming\npm\node_modules\pm2\node_modules\pmx\lib\transaction.js:62:21)
    at Module.require (module.js:468:17)
    at require (internal/module.js:20:19)
    at Object.<anonymous> (E:\grantProject\express-demo\bin\www:7:11)
ReferenceError: staticPathConfig is not defined
    at Object.<anonymous> (E:\grantProject\express-demo\app.js:18:43)
    at Module._compile (module.js:541:32)
    at Object.Module._extensions..js (module.js:550:10)
    at Module.load (module.js:458:32)
    at tryModuleLoad (module.js:417:12)
    at Function.Module._load (module.js:409:3)
    at Function._load (C:\Users\chengliang\AppData\Roaming\npm\node_modules\pm2\node_modules\pmx\lib\transaction.js:62:21)
    at Module.require (module.js:468:17)
    at require (internal/module.js:20:19)
    at Object.<anonymous> (E:\grantProject\express-demo\bin\www:7:11)
ReferenceError: staticPathConfig is not defined
    at Object.<anonymous> (E:\grantProject\express-demo\app.js:18:43)
    at Module._compile (module.js:541:32)
    at Object.Module._extensions..js (module.js:550:10)
    at Module.load (module.js:458:32)
    at tryModuleLoad (module.js:417:12)
    at Function.Module._load (module.js:409:3)
    at Function._load (C:\Users\chengliang\AppData\Roaming\npm\node_modules\pm2\node_modules\pmx\lib\transaction.js:62:21)
    at Module.require (module.js:468:17)
    at require (internal/module.js:20:19)
    at Object.<anonymous> (E:\grantProject\express-demo\bin\www:7:11)
ReferenceError: staticPathConfig is not defined
    at Object.<anonymous> (E:\grantProject\express-demo\app.js:18:43)
    at Module._compile (module.js:541:32)
    at Object.Module._extensions..js (module.js:550:10)
    at Module.load (module.js:458:32)
    at tryModuleLoad (module.js:417:12)
    at Function.Module._load (module.js:409:3)
    at Function._load (C:\Users\chengliang\AppData\Roaming\npm\node_modules\pm2\node_modules\pmx\lib\transaction.js:62:21)
    at Module.require (module.js:468:17)
    at require (internal/module.js:20:19)
    at Object.<anonymous> (E:\grantProject\express-demo\bin\www:7:11)
ReferenceError: staticPathConfig is not defined
    at Object.<anonymous> (E:\grantProject\express-demo\app.js:18:43)
    at Module._compile (module.js:541:32)
    at Object.Module._extensions..js (module.js:550:10)
    at Module.load (module.js:458:32)
    at tryModuleLoad (module.js:417:12)
    at Function.Module._load (module.js:409:3)
    at Function._load (C:\Users\chengliang\AppData\Roaming\npm\node_modules\pm2\node_modules\pmx\lib\transaction.js:62:21)
    at Module.require (module.js:468:17)
    at require (internal/module.js:20:19)
    at Object.<anonymous> (E:\grantProject\express-demo\bin\www:7:11)
ReferenceError: staticPathConfig is not defined
    at Object.<anonymous> (E:\grantProject\express-demo\app.js:18:43)
    at Module._compile (module.js:541:32)
    at Object.Module._extensions..js (module.js:550:10)
    at Module.load (module.js:458:32)
    at tryModuleLoad (module.js:417:12)
    at Function.Module._load (module.js:409:3)
    at Function._load (C:\Users\chengliang\AppData\Roaming\npm\node_modules\pm2\node_modules\pmx\lib\transaction.js:62:21)
    at Module.require (module.js:468:17)
    at require (internal/module.js:20:19)
    at Object.<anonymous> (E:\grantProject\express-demo\bin\www:7:11)
ReferenceError: staticPathConfig is not defined
    at Object.<anonymous> (E:\grantProject\express-demo\app.js:18:43)
    at Module._compile (module.js:541:32)
    at Object.Module._extensions..js (module.js:550:10)
    at Module.load (module.js:458:32)
    at tryModuleLoad (module.js:417:12)
    at Function.Module._load (module.js:409:3)
    at Function._load (C:\Users\chengliang\AppData\Roaming\npm\node_modules\pm2\node_modules\pmx\lib\transaction.js:62:21)
    at Module.require (module.js:468:17)
    at require (internal/module.js:20:19)
    at Object.<anonymous> (E:\grantProject\express-demo\bin\www:7:11)
ReferenceError: staticPathConfig is not defined
    at Object.<anonymous> (E:\grantProject\express-demo\app.js:18:43)
    at Module._compile (module.js:541:32)
    at Object.Module._extensions..js (module.js:550:10)
    at Module.load (module.js:458:32)
    at tryModuleLoad (module.js:417:12)
    at Function.Module._load (module.js:409:3)
    at Function._load (C:\Users\chengliang\AppData\Roaming\npm\node_modules\pm2\node_modules\pmx\lib\transaction.js:62:21)
    at Module.require (module.js:468:17)
    at require (internal/module.js:20:19)
    at Object.<anonymous> (E:\grantProject\express-demo\bin\www:7:11)
ReferenceError: staticPathConfig is not defined
    at Object.<anonymous> (E:\grantProject\express-demo\app.js:18:43)
    at Module._compile (module.js:541:32)
    at Object.Module._extensions..js (module.js:550:10)
    at Module.load (module.js:458:32)
    at tryModuleLoad (module.js:417:12)
    at Function.Module._load (module.js:409:3)
    at Function._load (C:\Users\chengliang\AppData\Roaming\npm\node_modules\pm2\node_modules\pmx\lib\transaction.js:62:21)
    at Module.require (module.js:468:17)
    at require (internal/module.js:20:19)
    at Object.<anonymous> (E:\grantProject\express-demo\bin\www:7:11)
ReferenceError: staticPathConfig is not defined
    at Object.<anonymous> (E:\grantProject\express-demo\app.js:18:43)
    at Module._compile (module.js:541:32)
    at Object.Module._extensions..js (module.js:550:10)
    at Module.load (module.js:458:32)
    at tryModuleLoad (module.js:417:12)
    at Function.Module._load (module.js:409:3)
    at Function._load (C:\Users\chengliang\AppData\Roaming\npm\node_modules\pm2\node_modules\pmx\lib\transaction.js:62:21)
    at Module.require (module.js:468:17)
    at require (internal/module.js:20:19)
    at Object.<anonymous> (E:\grantProject\express-demo\bin\www:7:11)
ReferenceError: staticPathConfig is not defined
    at Object.<anonymous> (E:\grantProject\express-demo\app.js:18:43)
    at Module._compile (module.js:541:32)
    at Object.Module._extensions..js (module.js:550:10)
    at Module.load (module.js:458:32)
    at tryModuleLoad (module.js:417:12)
    at Function.Module._load (module.js:409:3)
    at Function._load (C:\Users\chengliang\AppData\Roaming\npm\node_modules\pm2\node_modules\pmx\lib\transaction.js:62:21)
    at Module.require (module.js:468:17)
    at require (internal/module.js:20:19)
    at Object.<anonymous> (E:\grantProject\express-demo\bin\www:7:11)
ReferenceError: staticPathConfig is not defined
    at Object.<anonymous> (E:\grantProject\express-demo\app.js:18:43)
    at Module._compile (module.js:541:32)
    at Object.Module._extensions..js (module.js:550:10)
    at Module.load (module.js:458:32)
    at tryModuleLoad (module.js:417:12)
    at Function.Module._load (module.js:409:3)
    at Function._load (C:\Users\chengliang\AppData\Roaming\npm\node_modules\pm2\node_modules\pmx\lib\transaction.js:62:21)
    at Module.require (module.js:468:17)
    at require (internal/module.js:20:19)
    at Object.<anonymous> (E:\grantProject\express-demo\bin\www:7:11)
ReferenceError: staticPathConfig is not defined
    at Object.<anonymous> (E:\grantProject\express-demo\app.js:18:43)
    at Module._compile (module.js:541:32)
    at Object.Module._extensions..js (module.js:550:10)
    at Module.load (module.js:458:32)
    at tryModuleLoad (module.js:417:12)
    at Function.Module._load (module.js:409:3)
    at Function._load (C:\Users\chengliang\AppData\Roaming\npm\node_modules\pm2\node_modules\pmx\lib\transaction.js:62:21)
    at Module.require (module.js:468:17)
    at require (internal/module.js:20:19)
    at Object.<anonymous> (E:\grantProject\express-demo\bin\www:7:11)
ReferenceError: staticPathConfig is not defined
    at Object.<anonymous> (E:\grantProject\express-demo\app.js:18:43)
    at Module._compile (module.js:541:32)
    at Object.Module._extensions..js (module.js:550:10)
    at Module.load (module.js:458:32)
    at tryModuleLoad (module.js:417:12)
    at Function.Module._load (module.js:409:3)
    at Function._load (C:\Users\chengliang\AppData\Roaming\npm\node_modules\pm2\node_modules\pmx\lib\transaction.js:62:21)
    at Module.require (module.js:468:17)
    at require (internal/module.js:20:19)
    at Object.<anonymous> (E:\grantProject\express-demo\bin\www:7:11)
ReferenceError: staticPathConfig is not defined
    at Object.<anonymous> (E:\grantProject\express-demo\app.js:18:43)
    at Module._compile (module.js:541:32)
    at Object.Module._extensions..js (module.js:550:10)
    at Module.load (module.js:458:32)
    at tryModuleLoad (module.js:417:12)
    at Function.Module._load (module.js:409:3)
    at Function._load (C:\Users\chengliang\AppData\Roaming\npm\node_modules\pm2\node_modules\pmx\lib\transaction.js:62:21)
    at Module.require (module.js:468:17)
    at require (internal/module.js:20:19)
    at Object.<anonymous> (E:\grantProject\express-demo\bin\www:7:11)
ReferenceError: staticPathConfig is not defined
    at Object.<anonymous> (E:\grantProject\express-demo\app.js:18:43)
    at Module._compile (module.js:541:32)
    at Object.Module._extensions..js (module.js:550:10)
    at Module.load (module.js:458:32)
    at tryModuleLoad (module.js:417:12)
    at Function.Module._load (module.js:409:3)
    at Function._load (C:\Users\chengliang\AppData\Roaming\npm\node_modules\pm2\node_modules\pmx\lib\transaction.js:62:21)
    at Module.require (module.js:468:17)
    at require (internal/module.js:20:19)
    at Object.<anonymous> (E:\grantProject\express-demo\bin\www:7:11)
ReferenceError: staticPathConfig is not defined
    at Object.<anonymous> (E:\grantProject\express-demo\app.js:18:43)
    at Module._compile (module.js:541:32)
    at Object.Module._extensions..js (module.js:550:10)
    at Module.load (module.js:458:32)
    at tryModuleLoad (module.js:417:12)
    at Function.Module._load (module.js:409:3)
    at Function._load (C:\Users\chengliang\AppData\Roaming\npm\node_modules\pm2\node_modules\pmx\lib\transaction.js:62:21)
    at Module.require (module.js:468:17)
    at require (internal/module.js:20:19)
    at Object.<anonymous> (E:\grantProject\express-demo\bin\www:7:11)
ReferenceError: staticPathConfig is not defined
    at Object.<anonymous> (E:\grantProject\express-demo\app.js:18:43)
    at Module._compile (module.js:541:32)
    at Object.Module._extensions..js (module.js:550:10)
    at Module.load (module.js:458:32)
    at tryModuleLoad (module.js:417:12)
    at Function.Module._load (module.js:409:3)
    at Function._load (C:\Users\chengliang\AppData\Roaming\npm\node_modules\pm2\node_modules\pmx\lib\transaction.js:62:21)
    at Module.require (module.js:468:17)
    at require (internal/module.js:20:19)
    at Object.<anonymous> (E:\grantProject\express-demo\bin\www:7:11)
ReferenceError: staticPathConfig is not defined
    at Object.<anonymous> (E:\grantProject\express-demo\app.js:18:43)
    at Module._compile (module.js:541:32)
    at Object.Module._extensions..js (module.js:550:10)
    at Module.load (module.js:458:32)
    at tryModuleLoad (module.js:417:12)
    at Function.Module._load (module.js:409:3)
    at Function._load (C:\Users\chengliang\AppData\Roaming\npm\node_modules\pm2\node_modules\pmx\lib\transaction.js:62:21)
    at Module.require (module.js:468:17)
    at require (internal/module.js:20:19)
    at Object.<anonymous> (E:\grantProject\express-demo\bin\www:7:11)
ReferenceError: staticPathConfig is not defined
    at Object.<anonymous> (E:\grantProject\express-demo\app.js:18:43)
    at Module._compile (module.js:541:32)
    at Object.Module._extensions..js (module.js:550:10)
    at Module.load (module.js:458:32)
    at tryModuleLoad (module.js:417:12)
    at Function.Module._load (module.js:409:3)
    at Function._load (C:\Users\chengliang\AppData\Roaming\npm\node_modules\pm2\node_modules\pmx\lib\transaction.js:62:21)
    at Module.require (module.js:468:17)
    at require (internal/module.js:20:19)
    at Object.<anonymous> (E:\grantProject\express-demo\bin\www:7:11)
ReferenceError: staticPathConfig is not defined
    at Object.<anonymous> (E:\grantProject\express-demo\app.js:18:43)
    at Module._compile (module.js:541:32)
    at Object.Module._extensions..js (module.js:550:10)
    at Module.load (module.js:458:32)
    at tryModuleLoad (module.js:417:12)
    at Function.Module._load (module.js:409:3)
    at Function._load (C:\Users\chengliang\AppData\Roaming\npm\node_modules\pm2\node_modules\pmx\lib\transaction.js:62:21)
    at Module.require (module.js:468:17)
    at require (internal/module.js:20:19)
    at Object.<anonymous> (E:\grantProject\express-demo\bin\www:7:11)
ReferenceError: staticPathConfig is not defined
    at Object.<anonymous> (E:\grantProject\express-demo\app.js:18:43)
    at Module._compile (module.js:541:32)
    at Object.Module._extensions..js (module.js:550:10)
    at Module.load (module.js:458:32)
    at tryModuleLoad (module.js:417:12)
    at Function.Module._load (module.js:409:3)
    at Function._load (C:\Users\chengliang\AppData\Roaming\npm\node_modules\pm2\node_modules\pmx\lib\transaction.js:62:21)
    at Module.require (module.js:468:17)
    at require (internal/module.js:20:19)
    at Object.<anonymous> (E:\grantProject\express-demo\bin\www:7:11)
ReferenceError: staticPathConfig is not defined
    at Object.<anonymous> (E:\grantProject\express-demo\app.js:18:43)
    at Module._compile (module.js:541:32)
    at Object.Module._extensions..js (module.js:550:10)
    at Module.load (module.js:458:32)
    at tryModuleLoad (module.js:417:12)
    at Function.Module._load (module.js:409:3)
    at Function._load (C:\Users\chengliang\AppData\Roaming\npm\node_modules\pm2\node_modules\pmx\lib\transaction.js:62:21)
    at Module.require (module.js:468:17)
    at require (internal/module.js:20:19)
    at Object.<anonymous> (E:\grantProject\express-demo\bin\www:7:11)
ReferenceError: staticPathConfig is not defined
    at Object.<anonymous> (E:\grantProject\express-demo\app.js:18:43)
    at Module._compile (module.js:541:32)
    at Object.Module._extensions..js (module.js:550:10)
    at Module.load (module.js:458:32)
    at tryModuleLoad (module.js:417:12)
    at Function.Module._load (module.js:409:3)
    at Function._load (C:\Users\chengliang\AppData\Roaming\npm\node_modules\pm2\node_modules\pmx\lib\transaction.js:62:21)
    at Module.require (module.js:468:17)
    at require (internal/module.js:20:19)
    at Object.<anonymous> (E:\grantProject\express-demo\bin\www:7:11)
ReferenceError: staticPathConfig is not defined
    at Object.<anonymous> (E:\grantProject\express-demo\app.js:18:43)
    at Module._compile (module.js:541:32)
    at Object.Module._extensions..js (module.js:550:10)
    at Module.load (module.js:458:32)
    at tryModuleLoad (module.js:417:12)
    at Function.Module._load (module.js:409:3)
    at Function._load (C:\Users\chengliang\AppData\Roaming\npm\node_modules\pm2\node_modules\pmx\lib\transaction.js:62:21)
    at Module.require (module.js:468:17)
    at require (internal/module.js:20:19)
    at Object.<anonymous> (E:\grantProject\express-demo\bin\www:7:11)
ReferenceError: staticPathConfig is not defined
    at Object.<anonymous> (E:\grantProject\express-demo\app.js:18:43)
    at Module._compile (module.js:541:32)
    at Object.Module._extensions..js (module.js:550:10)
    at Module.load (module.js:458:32)
    at tryModuleLoad (module.js:417:12)
    at Function.Module._load (module.js:409:3)
    at Function._load (C:\Users\chengliang\AppData\Roaming\npm\node_modules\pm2\node_modules\pmx\lib\transaction.js:62:21)
    at Module.require (module.js:468:17)
    at require (internal/module.js:20:19)
    at Object.<anonymous> (E:\grantProject\express-demo\bin\www:7:11)
ReferenceError: staticPathConfig is not defined
    at Object.<anonymous> (E:\grantProject\express-demo\app.js:18:43)
    at Module._compile (module.js:541:32)
    at Object.Module._extensions..js (module.js:550:10)
    at Module.load (module.js:458:32)
    at tryModuleLoad (module.js:417:12)
    at Function.Module._load (module.js:409:3)
    at Function._load (C:\Users\chengliang\AppData\Roaming\npm\node_modules\pm2\node_modules\pmx\lib\transaction.js:62:21)
    at Module.require (module.js:468:17)
    at require (internal/module.js:20:19)
    at Object.<anonymous> (E:\grantProject\express-demo\bin\www:7:11)
ReferenceError: staticPathConfig is not defined
    at Object.<anonymous> (E:\grantProject\express-demo\app.js:18:43)
    at Module._compile (module.js:541:32)
    at Object.Module._extensions..js (module.js:550:10)
    at Module.load (module.js:458:32)
    at tryModuleLoad (module.js:417:12)
    at Function.Module._load (module.js:409:3)
    at Function._load (C:\Users\chengliang\AppData\Roaming\npm\node_modules\pm2\node_modules\pmx\lib\transaction.js:62:21)
    at Module.require (module.js:468:17)
    at require (internal/module.js:20:19)
    at Object.<anonymous> (E:\grantProject\express-demo\bin\www:7:11)
ReferenceError: staticPathConfig is not defined
    at Object.<anonymous> (E:\grantProject\express-demo\app.js:18:43)
    at Module._compile (module.js:541:32)
    at Object.Module._extensions..js (module.js:550:10)
    at Module.load (module.js:458:32)
    at tryModuleLoad (module.js:417:12)
    at Function.Module._load (module.js:409:3)
    at Function._load (C:\Users\chengliang\AppData\Roaming\npm\node_modules\pm2\node_modules\pmx\lib\transaction.js:62:21)
    at Module.require (module.js:468:17)
    at require (internal/module.js:20:19)
    at Object.<anonymous> (E:\grantProject\express-demo\bin\www:7:11)
ReferenceError: staticPathConfig is not defined
    at Object.<anonymous> (E:\grantProject\express-demo\app.js:18:43)
    at Module._compile (module.js:541:32)
    at Object.Module._extensions..js (module.js:550:10)
    at Module.load (module.js:458:32)
    at tryModuleLoad (module.js:417:12)
    at Function.Module._load (module.js:409:3)
    at Function._load (C:\Users\chengliang\AppData\Roaming\npm\node_modules\pm2\node_modules\pmx\lib\transaction.js:62:21)
    at Module.require (module.js:468:17)
    at require (internal/module.js:20:19)
    at Object.<anonymous> (E:\grantProject\express-demo\bin\www:7:11)
ReferenceError: staticPathConfig is not defined
    at Object.<anonymous> (E:\grantProject\express-demo\app.js:18:43)
    at Module._compile (module.js:541:32)
    at Object.Module._extensions..js (module.js:550:10)
    at Module.load (module.js:458:32)
    at tryModuleLoad (module.js:417:12)
    at Function.Module._load (module.js:409:3)
    at Function._load (C:\Users\chengliang\AppData\Roaming\npm\node_modules\pm2\node_modules\pmx\lib\transaction.js:62:21)
    at Module.require (module.js:468:17)
    at require (internal/module.js:20:19)
    at Object.<anonymous> (E:\grantProject\express-demo\bin\www:7:11)
ReferenceError: staticPathConfig is not defined
    at Object.<anonymous> (E:\grantProject\express-demo\app.js:18:43)
    at Module._compile (module.js:541:32)
    at Object.Module._extensions..js (module.js:550:10)
    at Module.load (module.js:458:32)
    at tryModuleLoad (module.js:417:12)
    at Function.Module._load (module.js:409:3)
    at Function._load (C:\Users\chengliang\AppData\Roaming\npm\node_modules\pm2\node_modules\pmx\lib\transaction.js:62:21)
    at Module.require (module.js:468:17)
    at require (internal/module.js:20:19)
    at Object.<anonymous> (E:\grantProject\express-demo\bin\www:7:11)
ReferenceError: staticPathConfig is not defined
    at Object.<anonymous> (E:\grantProject\express-demo\app.js:18:43)
    at Module._compile (module.js:541:32)
    at Object.Module._extensions..js (module.js:550:10)
    at Module.load (module.js:458:32)
    at tryModuleLoad (module.js:417:12)
    at Function.Module._load (module.js:409:3)
    at Function._load (C:\Users\chengliang\AppData\Roaming\npm\node_modules\pm2\node_modules\pmx\lib\transaction.js:62:21)
    at Module.require (module.js:468:17)
    at require (internal/module.js:20:19)
    at Object.<anonymous> (E:\grantProject\express-demo\bin\www:7:11)
ReferenceError: staticPathConfig is not defined
    at Object.<anonymous> (E:\grantProject\express-demo\app.js:18:43)
    at Module._compile (module.js:541:32)
    at Object.Module._extensions..js (module.js:550:10)
    at Module.load (module.js:458:32)
    at tryModuleLoad (module.js:417:12)
    at Function.Module._load (module.js:409:3)
    at Function._load (C:\Users\chengliang\AppData\Roaming\npm\node_modules\pm2\node_modules\pmx\lib\transaction.js:62:21)
    at Module.require (module.js:468:17)
    at require (internal/module.js:20:19)
    at Object.<anonymous> (E:\grantProject\express-demo\bin\www:7:11)
ReferenceError: staticPathConfig is not defined
    at Object.<anonymous> (E:\grantProject\express-demo\app.js:18:43)
    at Module._compile (module.js:541:32)
    at Object.Module._extensions..js (module.js:550:10)
    at Module.load (module.js:458:32)
    at tryModuleLoad (module.js:417:12)
    at Function.Module._load (module.js:409:3)
    at Function._load (C:\Users\chengliang\AppData\Roaming\npm\node_modules\pm2\node_modules\pmx\lib\transaction.js:62:21)
    at Module.require (module.js:468:17)
    at require (internal/module.js:20:19)
    at Object.<anonymous> (E:\grantProject\express-demo\bin\www:7:11)
ReferenceError: staticPathConfig is not defined
    at Object.<anonymous> (E:\grantProject\express-demo\app.js:18:43)
    at Module._compile (module.js:541:32)
    at Object.Module._extensions..js (module.js:550:10)
    at Module.load (module.js:458:32)
    at tryModuleLoad (module.js:417:12)
    at Function.Module._load (module.js:409:3)
    at Function._load (C:\Users\chengliang\AppData\Roaming\npm\node_modules\pm2\node_modules\pmx\lib\transaction.js:62:21)
    at Module.require (module.js:468:17)
    at require (internal/module.js:20:19)
    at Object.<anonymous> (E:\grantProject\express-demo\bin\www:7:11)
ReferenceError: staticPathConfig is not defined
    at Object.<anonymous> (E:\grantProject\express-demo\app.js:18:43)
    at Module._compile (module.js:541:32)
    at Object.Module._extensions..js (module.js:550:10)
    at Module.load (module.js:458:32)
    at tryModuleLoad (module.js:417:12)
    at Function.Module._load (module.js:409:3)
    at Function._load (C:\Users\chengliang\AppData\Roaming\npm\node_modules\pm2\node_modules\pmx\lib\transaction.js:62:21)
    at Module.require (module.js:468:17)
    at require (internal/module.js:20:19)
    at Object.<anonymous> (E:\grantProject\express-demo\bin\www:7:11)
ReferenceError: staticPathConfig is not defined
    at Object.<anonymous> (E:\grantProject\express-demo\app.js:18:43)
    at Module._compile (module.js:541:32)
    at Object.Module._extensions..js (module.js:550:10)
    at Module.load (module.js:458:32)
    at tryModuleLoad (module.js:417:12)
    at Function.Module._load (module.js:409:3)
    at Function._load (C:\Users\chengliang\AppData\Roaming\npm\node_modules\pm2\node_modules\pmx\lib\transaction.js:62:21)
    at Module.require (module.js:468:17)
    at require (internal/module.js:20:19)
    at Object.<anonymous> (E:\grantProject\express-demo\bin\www:7:11)
ReferenceError: staticPathConfig is not defined
    at Object.<anonymous> (E:\grantProject\express-demo\app.js:18:43)
    at Module._compile (module.js:541:32)
    at Object.Module._extensions..js (module.js:550:10)
    at Module.load (module.js:458:32)
    at tryModuleLoad (module.js:417:12)
    at Function.Module._load (module.js:409:3)
    at Function._load (C:\Users\chengliang\AppData\Roaming\npm\node_modules\pm2\node_modules\pmx\lib\transaction.js:62:21)
    at Module.require (module.js:468:17)
    at require (internal/module.js:20:19)
    at Object.<anonymous> (E:\grantProject\express-demo\bin\www:7:11)
ReferenceError: staticPathConfig is not defined
    at Object.<anonymous> (E:\grantProject\express-demo\app.js:18:43)
    at Module._compile (module.js:541:32)
    at Object.Module._extensions..js (module.js:550:10)
    at Module.load (module.js:458:32)
    at tryModuleLoad (module.js:417:12)
    at Function.Module._load (module.js:409:3)
    at Function._load (C:\Users\chengliang\AppData\Roaming\npm\node_modules\pm2\node_modules\pmx\lib\transaction.js:62:21)
    at Module.require (module.js:468:17)
    at require (internal/module.js:20:19)
    at Object.<anonymous> (E:\grantProject\express-demo\bin\www:7:11)
ReferenceError: staticPathConfig is not defined
    at Object.<anonymous> (E:\grantProject\express-demo\app.js:18:43)
    at Module._compile (module.js:541:32)
    at Object.Module._extensions..js (module.js:550:10)
    at Module.load (module.js:458:32)
    at tryModuleLoad (module.js:417:12)
    at Function.Module._load (module.js:409:3)
    at Function._load (C:\Users\chengliang\AppData\Roaming\npm\node_modules\pm2\node_modules\pmx\lib\transaction.js:62:21)
    at Module.require (module.js:468:17)
    at require (internal/module.js:20:19)
    at Object.<anonymous> (E:\grantProject\express-demo\bin\www:7:11)
ReferenceError: staticPathConfig is not defined
    at Object.<anonymous> (E:\grantProject\express-demo\app.js:18:43)
    at Module._compile (module.js:541:32)
    at Object.Module._extensions..js (module.js:550:10)
    at Module.load (module.js:458:32)
    at tryModuleLoad (module.js:417:12)
    at Function.Module._load (module.js:409:3)
    at Function._load (C:\Users\chengliang\AppData\Roaming\npm\node_modules\pm2\node_modules\pmx\lib\transaction.js:62:21)
    at Module.require (module.js:468:17)
    at require (internal/module.js:20:19)
    at Object.<anonymous> (E:\grantProject\express-demo\bin\www:7:11)
ReferenceError: staticPathConfig is not defined
    at Object.<anonymous> (E:\grantProject\express-demo\app.js:18:43)
    at Module._compile (module.js:541:32)
    at Object.Module._extensions..js (module.js:550:10)
    at Module.load (module.js:458:32)
    at tryModuleLoad (module.js:417:12)
    at Function.Module._load (module.js:409:3)
    at Function._load (C:\Users\chengliang\AppData\Roaming\npm\node_modules\pm2\node_modules\pmx\lib\transaction.js:62:21)
    at Module.require (module.js:468:17)
    at require (internal/module.js:20:19)
    at Object.<anonymous> (E:\grantProject\express-demo\bin\www:7:11)
ReferenceError: staticPathConfig is not defined
    at Object.<anonymous> (E:\grantProject\express-demo\app.js:18:43)
    at Module._compile (module.js:541:32)
    at Object.Module._extensions..js (module.js:550:10)
    at Module.load (module.js:458:32)
    at tryModuleLoad (module.js:417:12)
    at Function.Module._load (module.js:409:3)
    at Function._load (C:\Users\chengliang\AppData\Roaming\npm\node_modules\pm2\node_modules\pmx\lib\transaction.js:62:21)
    at Module.require (module.js:468:17)
    at require (internal/module.js:20:19)
    at Object.<anonymous> (E:\grantProject\express-demo\bin\www:7:11)
ReferenceError: staticPathConfig is not defined
    at Object.<anonymous> (E:\grantProject\express-demo\app.js:18:43)
    at Module._compile (module.js:541:32)
    at Object.Module._extensions..js (module.js:550:10)
    at Module.load (module.js:458:32)
    at tryModuleLoad (module.js:417:12)
    at Function.Module._load (module.js:409:3)
    at Function._load (C:\Users\chengliang\AppData\Roaming\npm\node_modules\pm2\node_modules\pmx\lib\transaction.js:62:21)
    at Module.require (module.js:468:17)
    at require (internal/module.js:20:19)
    at Object.<anonymous> (E:\grantProject\express-demo\bin\www:7:11)
ReferenceError: staticPathConfig is not defined
    at Object.<anonymous> (E:\grantProject\express-demo\app.js:18:43)
    at Module._compile (module.js:541:32)
    at Object.Module._extensions..js (module.js:550:10)
    at Module.load (module.js:458:32)
    at tryModuleLoad (module.js:417:12)
    at Function.Module._load (module.js:409:3)
    at Function._load (C:\Users\chengliang\AppData\Roaming\npm\node_modules\pm2\node_modules\pmx\lib\transaction.js:62:21)
    at Module.require (module.js:468:17)
    at require (internal/module.js:20:19)
    at Object.<anonymous> (E:\grantProject\express-demo\bin\www:7:11)
ReferenceError: staticPathConfig is not defined
    at Object.<anonymous> (E:\grantProject\express-demo\app.js:18:43)
    at Module._compile (module.js:541:32)
    at Object.Module._extensions..js (module.js:550:10)
    at Module.load (module.js:458:32)
    at tryModuleLoad (module.js:417:12)
    at Function.Module._load (module.js:409:3)
    at Function._load (C:\Users\chengliang\AppData\Roaming\npm\node_modules\pm2\node_modules\pmx\lib\transaction.js:62:21)
    at Module.require (module.js:468:17)
    at require (internal/module.js:20:19)
    at Object.<anonymous> (E:\grantProject\express-demo\bin\www:7:11)
ReferenceError: staticPathConfig is not defined
    at Object.<anonymous> (E:\grantProject\express-demo\app.js:18:43)
    at Module._compile (module.js:541:32)
    at Object.Module._extensions..js (module.js:550:10)
    at Module.load (module.js:458:32)
    at tryModuleLoad (module.js:417:12)
    at Function.Module._load (module.js:409:3)
    at Function._load (C:\Users\chengliang\AppData\Roaming\npm\node_modules\pm2\node_modules\pmx\lib\transaction.js:62:21)
    at Module.require (module.js:468:17)
    at require (internal/module.js:20:19)
    at Object.<anonymous> (E:\grantProject\express-demo\bin\www:7:11)
ReferenceError: staticPathConfig is not defined
    at Object.<anonymous> (E:\grantProject\express-demo\app.js:18:43)
    at Module._compile (module.js:541:32)
    at Object.Module._extensions..js (module.js:550:10)
    at Module.load (module.js:458:32)
    at tryModuleLoad (module.js:417:12)
    at Function.Module._load (module.js:409:3)
    at Function._load (C:\Users\chengliang\AppData\Roaming\npm\node_modules\pm2\node_modules\pmx\lib\transaction.js:62:21)
    at Module.require (module.js:468:17)
    at require (internal/module.js:20:19)
    at Object.<anonymous> (E:\grantProject\express-demo\bin\www:7:11)
ReferenceError: staticPathConfig is not defined
    at Object.<anonymous> (E:\grantProject\express-demo\app.js:18:43)
    at Module._compile (module.js:541:32)
    at Object.Module._extensions..js (module.js:550:10)
    at Module.load (module.js:458:32)
    at tryModuleLoad (module.js:417:12)
    at Function.Module._load (module.js:409:3)
    at Function._load (C:\Users\chengliang\AppData\Roaming\npm\node_modules\pm2\node_modules\pmx\lib\transaction.js:62:21)
    at Module.require (module.js:468:17)
    at require (internal/module.js:20:19)
    at Object.<anonymous> (E:\grantProject\express-demo\bin\www:7:11)
ReferenceError: staticPathConfig is not defined
    at Object.<anonymous> (E:\grantProject\express-demo\app.js:18:43)
    at Module._compile (module.js:541:32)
    at Object.Module._extensions..js (module.js:550:10)
    at Module.load (module.js:458:32)
    at tryModuleLoad (module.js:417:12)
    at Function.Module._load (module.js:409:3)
    at Function._load (C:\Users\chengliang\AppData\Roaming\npm\node_modules\pm2\node_modules\pmx\lib\transaction.js:62:21)
    at Module.require (module.js:468:17)
    at require (internal/module.js:20:19)
    at Object.<anonymous> (E:\grantProject\express-demo\bin\www:7:11)
ReferenceError: staticPathConfig is not defined
    at Object.<anonymous> (E:\grantProject\express-demo\app.js:18:43)
    at Module._compile (module.js:541:32)
    at Object.Module._extensions..js (module.js:550:10)
    at Module.load (module.js:458:32)
    at tryModuleLoad (module.js:417:12)
    at Function.Module._load (module.js:409:3)
    at Function._load (C:\Users\chengliang\AppData\Roaming\npm\node_modules\pm2\node_modules\pmx\lib\transaction.js:62:21)
    at Module.require (module.js:468:17)
    at require (internal/module.js:20:19)
    at Object.<anonymous> (E:\grantProject\express-demo\bin\www:7:11)
ReferenceError: staticPathConfig is not defined
    at Object.<anonymous> (E:\grantProject\express-demo\app.js:18:43)
    at Module._compile (module.js:541:32)
    at Object.Module._extensions..js (module.js:550:10)
    at Module.load (module.js:458:32)
    at tryModuleLoad (module.js:417:12)
    at Function.Module._load (module.js:409:3)
    at Function._load (C:\Users\chengliang\AppData\Roaming\npm\node_modules\pm2\node_modules\pmx\lib\transaction.js:62:21)
    at Module.require (module.js:468:17)
    at require (internal/module.js:20:19)
    at Object.<anonymous> (E:\grantProject\express-demo\bin\www:7:11)
ReferenceError: staticPathConfig is not defined
    at Object.<anonymous> (E:\grantProject\express-demo\app.js:18:43)
    at Module._compile (module.js:541:32)
    at Object.Module._extensions..js (module.js:550:10)
    at Module.load (module.js:458:32)
    at tryModuleLoad (module.js:417:12)
    at Function.Module._load (module.js:409:3)
    at Function._load (C:\Users\chengliang\AppData\Roaming\npm\node_modules\pm2\node_modules\pmx\lib\transaction.js:62:21)
    at Module.require (module.js:468:17)
    at require (internal/module.js:20:19)
    at Object.<anonymous> (E:\grantProject\express-demo\bin\www:7:11)
ReferenceError: staticPathConfig is not defined
    at Object.<anonymous> (E:\grantProject\express-demo\app.js:18:43)
    at Module._compile (module.js:541:32)
    at Object.Module._extensions..js (module.js:550:10)
    at Module.load (module.js:458:32)
    at tryModuleLoad (module.js:417:12)
    at Function.Module._load (module.js:409:3)
    at Function._load (C:\Users\chengliang\AppData\Roaming\npm\node_modules\pm2\node_modules\pmx\lib\transaction.js:62:21)
    at Module.require (module.js:468:17)
    at require (internal/module.js:20:19)
    at Object.<anonymous> (E:\grantProject\express-demo\bin\www:7:11)
ReferenceError: staticPathConfig is not defined
    at Object.<anonymous> (E:\grantProject\express-demo\app.js:18:43)
    at Module._compile (module.js:541:32)
    at Object.Module._extensions..js (module.js:550:10)
    at Module.load (module.js:458:32)
    at tryModuleLoad (module.js:417:12)
    at Function.Module._load (module.js:409:3)
    at Function._load (C:\Users\chengliang\AppData\Roaming\npm\node_modules\pm2\node_modules\pmx\lib\transaction.js:62:21)
    at Module.require (module.js:468:17)
    at require (internal/module.js:20:19)
    at Object.<anonymous> (E:\grantProject\express-demo\bin\www:7:11)
ReferenceError: staticPathConfig is not defined
    at Object.<anonymous> (E:\grantProject\express-demo\app.js:18:43)
    at Module._compile (module.js:541:32)
    at Object.Module._extensions..js (module.js:550:10)
    at Module.load (module.js:458:32)
    at tryModuleLoad (module.js:417:12)
    at Function.Module._load (module.js:409:3)
    at Function._load (C:\Users\chengliang\AppData\Roaming\npm\node_modules\pm2\node_modules\pmx\lib\transaction.js:62:21)
    at Module.require (module.js:468:17)
    at require (internal/module.js:20:19)
    at Object.<anonymous> (E:\grantProject\express-demo\bin\www:7:11)
ReferenceError: staticPathConfig is not defined
    at Object.<anonymous> (E:\grantProject\express-demo\app.js:18:43)
    at Module._compile (module.js:541:32)
    at Object.Module._extensions..js (module.js:550:10)
    at Module.load (module.js:458:32)
    at tryModuleLoad (module.js:417:12)
    at Function.Module._load (module.js:409:3)
    at Function._load (C:\Users\chengliang\AppData\Roaming\npm\node_modules\pm2\node_modules\pmx\lib\transaction.js:62:21)
    at Module.require (module.js:468:17)
    at require (internal/module.js:20:19)
    at Object.<anonymous> (E:\grantProject\express-demo\bin\www:7:11)
ReferenceError: staticPathConfig is not defined
    at Object.<anonymous> (E:\grantProject\express-demo\app.js:18:43)
    at Module._compile (module.js:541:32)
    at Object.Module._extensions..js (module.js:550:10)
    at Module.load (module.js:458:32)
    at tryModuleLoad (module.js:417:12)
    at Function.Module._load (module.js:409:3)
    at Function._load (C:\Users\chengliang\AppData\Roaming\npm\node_modules\pm2\node_modules\pmx\lib\transaction.js:62:21)
    at Module.require (module.js:468:17)
    at require (internal/module.js:20:19)
    at Object.<anonymous> (E:\grantProject\express-demo\bin\www:7:11)
ReferenceError: staticPathConfig is not defined
    at Object.<anonymous> (E:\grantProject\express-demo\app.js:18:43)
    at Module._compile (module.js:541:32)
    at Object.Module._extensions..js (module.js:550:10)
    at Module.load (module.js:458:32)
    at tryModuleLoad (module.js:417:12)
    at Function.Module._load (module.js:409:3)
    at Function._load (C:\Users\chengliang\AppData\Roaming\npm\node_modules\pm2\node_modules\pmx\lib\transaction.js:62:21)
    at Module.require (module.js:468:17)
    at require (internal/module.js:20:19)
    at Object.<anonymous> (E:\grantProject\express-demo\bin\www:7:11)
ReferenceError: staticPathConfig is not defined
    at Object.<anonymous> (E:\grantProject\express-demo\app.js:18:43)
    at Module._compile (module.js:541:32)
    at Object.Module._extensions..js (module.js:550:10)
    at Module.load (module.js:458:32)
    at tryModuleLoad (module.js:417:12)
    at Function.Module._load (module.js:409:3)
    at Function._load (C:\Users\chengliang\AppData\Roaming\npm\node_modules\pm2\node_modules\pmx\lib\transaction.js:62:21)
    at Module.require (module.js:468:17)
    at require (internal/module.js:20:19)
    at Object.<anonymous> (E:\grantProject\express-demo\bin\www:7:11)
ReferenceError: staticPathConfig is not defined
    at Object.<anonymous> (E:\grantProject\express-demo\app.js:18:43)
    at Module._compile (module.js:541:32)
    at Object.Module._extensions..js (module.js:550:10)
    at Module.load (module.js:458:32)
    at tryModuleLoad (module.js:417:12)
    at Function.Module._load (module.js:409:3)
    at Function._load (C:\Users\chengliang\AppData\Roaming\npm\node_modules\pm2\node_modules\pmx\lib\transaction.js:62:21)
    at Module.require (module.js:468:17)
    at require (internal/module.js:20:19)
    at Object.<anonymous> (E:\grantProject\express-demo\bin\www:7:11)
ReferenceError: staticPathConfig is not defined
    at Object.<anonymous> (E:\grantProject\express-demo\app.js:18:43)
    at Module._compile (module.js:541:32)
    at Object.Module._extensions..js (module.js:550:10)
    at Module.load (module.js:458:32)
    at tryModuleLoad (module.js:417:12)
    at Function.Module._load (module.js:409:3)
    at Function._load (C:\Users\chengliang\AppData\Roaming\npm\node_modules\pm2\node_modules\pmx\lib\transaction.js:62:21)
    at Module.require (module.js:468:17)
    at require (internal/module.js:20:19)
    at Object.<anonymous> (E:\grantProject\express-demo\bin\www:7:11)
ReferenceError: staticPathConfig is not defined
    at Object.<anonymous> (E:\grantProject\express-demo\app.js:18:43)
    at Module._compile (module.js:541:32)
    at Object.Module._extensions..js (module.js:550:10)
    at Module.load (module.js:458:32)
    at tryModuleLoad (module.js:417:12)
    at Function.Module._load (module.js:409:3)
    at Function._load (C:\Users\chengliang\AppData\Roaming\npm\node_modules\pm2\node_modules\pmx\lib\transaction.js:62:21)
    at Module.require (module.js:468:17)
    at require (internal/module.js:20:19)
    at Object.<anonymous> (E:\grantProject\express-demo\bin\www:7:11)
ReferenceError: staticPathConfig is not defined
    at Object.<anonymous> (E:\grantProject\express-demo\app.js:18:43)
    at Module._compile (module.js:541:32)
    at Object.Module._extensions..js (module.js:550:10)
    at Module.load (module.js:458:32)
    at tryModuleLoad (module.js:417:12)
    at Function.Module._load (module.js:409:3)
    at Function._load (C:\Users\chengliang\AppData\Roaming\npm\node_modules\pm2\node_modules\pmx\lib\transaction.js:62:21)
    at Module.require (module.js:468:17)
    at require (internal/module.js:20:19)
    at Object.<anonymous> (E:\grantProject\express-demo\bin\www:7:11)
2016-07-29 14:23:67: [0mGET / [31m500 [0m10.883 ms - 1230[0m
2016-07-29 14:23:67: Error: Failed to lookup view "test/a/aa" in views directory "E:\grantProject\express-demo\views\partials"
    at EventEmitter.render (E:\grantProject\express-demo\node_modules\express\lib\application.js:579:17)
    at ServerResponse.render (E:\grantProject\express-demo\node_modules\express\lib\response.js:961:7)
    at E:\grantProject\express-demo\routes\index.js:6:6
    at Layer.handle [as handle_request] (E:\grantProject\express-demo\node_modules\express\lib\router\layer.js:95:5)
    at next (E:\grantProject\express-demo\node_modules\express\lib\router\route.js:131:13)
    at Route.dispatch (E:\grantProject\express-demo\node_modules\express\lib\router\route.js:112:3)
    at Layer.handle [as handle_request] (E:\grantProject\express-demo\node_modules\express\lib\router\layer.js:95:5)
    at E:\grantProject\express-demo\node_modules\express\lib\router\index.js:277:22
    at Function.process_params (E:\grantProject\express-demo\node_modules\express\lib\router\index.js:330:12)
    at next (E:\grantProject\express-demo\node_modules\express\lib\router\index.js:271:10)
2016-07-29 15:43:33: [0mGET / [32m200 [0m19.470 ms - 110[0m
2016-07-29 15:43:40: [0mGET / [32m200 [0m3.920 ms - 110[0m
2016-07-29 15:44:06: [0mGET / [33m404 [0m8.747 ms - 1063[0m
2016-07-29 15:44:06: Error: Not Found
    at E:\grantProject\express-demo\app.js:35:13
    at Layer.handle [as handle_request] (E:\grantProject\express-demo\node_modules\express\lib\router\layer.js:95:5)
    at trim_prefix (E:\grantProject\express-demo\node_modules\express\lib\router\index.js:312:13)
    at E:\grantProject\express-demo\node_modules\express\lib\router\index.js:280:7
    at Function.process_params (E:\grantProject\express-demo\node_modules\express\lib\router\index.js:330:12)
    at next (E:\grantProject\express-demo\node_modules\express\lib\router\index.js:271:10)
    at E:\grantProject\express-demo\node_modules\express\lib\router\index.js:618:15
    at next (E:\grantProject\express-demo\node_modules\express\lib\router\index.js:256:14)
    at Function.handle (E:\grantProject\express-demo\node_modules\express\lib\router\index.js:176:3)
    at router (E:\grantProject\express-demo\node_modules\express\lib\router\index.js:46:12)
2016-07-29 15:45:37: [0mGET / [33m404 [0m1.197 ms - 1063[0m
2016-07-29 15:45:37: Error: Not Found
    at E:\grantProject\express-demo\app.js:35:13
    at Layer.handle [as handle_request] (E:\grantProject\express-demo\node_modules\express\lib\router\layer.js:95:5)
    at trim_prefix (E:\grantProject\express-demo\node_modules\express\lib\router\index.js:312:13)
    at E:\grantProject\express-demo\node_modules\express\lib\router\index.js:280:7
    at Function.process_params (E:\grantProject\express-demo\node_modules\express\lib\router\index.js:330:12)
    at next (E:\grantProject\express-demo\node_modules\express\lib\router\index.js:271:10)
    at E:\grantProject\express-demo\node_modules\express\lib\router\index.js:618:15
    at next (E:\grantProject\express-demo\node_modules\express\lib\router\index.js:256:14)
    at Function.handle (E:\grantProject\express-demo\node_modules\express\lib\router\index.js:176:3)
    at router (E:\grantProject\express-demo\node_modules\express\lib\router\index.js:46:12)
2016-07-29 15:48:61: [0mGET / [32m200 [0m9.765 ms - 11[0m
2016-07-29 15:48:17: [0mGET /subscribeTemplate [32m200 [0m22.601 ms - 110[0m
2016-07-29 15:49:72: [0mGET /subscribeTemplate [32m200 [0m25.220 ms - 110[0m
2016-07-29 15:49:98: [0mGET /subscribeTemplat [33m404 [0m5.083 ms - 1150[0m
2016-07-29 15:49:98: Error: Failed to lookup view "error" in views directory "E:\grantProject\express-demo\static"
    at EventEmitter.render (E:\grantProject\express-demo\node_modules\express\lib\application.js:579:17)
    at ServerResponse.render (E:\grantProject\express-demo\node_modules\express\lib\response.js:961:7)
    at E:\grantProject\express-demo\app.js:58:7
    at Layer.handle_error (E:\grantProject\express-demo\node_modules\express\lib\router\layer.js:71:5)
    at trim_prefix (E:\grantProject\express-demo\node_modules\express\lib\router\index.js:310:13)
    at E:\grantProject\express-demo\node_modules\express\lib\router\index.js:280:7
    at Function.process_params (E:\grantProject\express-demo\node_modules\express\lib\router\index.js:330:12)
    at next (E:\grantProject\express-demo\node_modules\express\lib\router\index.js:271:10)
    at E:\grantProject\express-demo\app.js:37:3
    at Layer.handle [as handle_request] (E:\grantProject\express-demo\node_modules\express\lib\router\layer.js:95:5)
2016-07-29 15:49:92: [0mGET /subscribeTemplat [33m404 [0m16.642 ms - 1150[0m
2016-07-29 15:49:93: Error: Failed to lookup view "error" in views directory "E:\grantProject\express-demo\static"
    at EventEmitter.render (E:\grantProject\express-demo\node_modules\express\lib\application.js:579:17)
    at ServerResponse.render (E:\grantProject\express-demo\node_modules\express\lib\response.js:961:7)
    at E:\grantProject\express-demo\app.js:58:7
    at Layer.handle_error (E:\grantProject\express-demo\node_modules\express\lib\router\layer.js:71:5)
    at trim_prefix (E:\grantProject\express-demo\node_modules\express\lib\router\index.js:310:13)
    at E:\grantProject\express-demo\node_modules\express\lib\router\index.js:280:7
    at Function.process_params (E:\grantProject\express-demo\node_modules\express\lib\router\index.js:330:12)
    at next (E:\grantProject\express-demo\node_modules\express\lib\router\index.js:271:10)
    at E:\grantProject\express-demo\app.js:37:3
    at Layer.handle [as handle_request] (E:\grantProject\express-demo\node_modules\express\lib\router\layer.js:95:5)
2016-07-29 15:50:24: [0mGET /subscribeTemplat [33m404 [0m2.854 ms - 1150[0m
2016-07-29 15:50:24: Error: Failed to lookup view "error" in views directory "E:\grantProject\express-demo\static"
    at EventEmitter.render (E:\grantProject\express-demo\node_modules\express\lib\application.js:579:17)
    at ServerResponse.render (E:\grantProject\express-demo\node_modules\express\lib\response.js:961:7)
    at E:\grantProject\express-demo\app.js:58:7
    at Layer.handle_error (E:\grantProject\express-demo\node_modules\express\lib\router\layer.js:71:5)
    at trim_prefix (E:\grantProject\express-demo\node_modules\express\lib\router\index.js:310:13)
    at E:\grantProject\express-demo\node_modules\express\lib\router\index.js:280:7
    at Function.process_params (E:\grantProject\express-demo\node_modules\express\lib\router\index.js:330:12)
    at next (E:\grantProject\express-demo\node_modules\express\lib\router\index.js:271:10)
    at E:\grantProject\express-demo\app.js:37:3
    at Layer.handle [as handle_request] (E:\grantProject\express-demo\node_modules\express\lib\router\layer.js:95:5)
2016-07-29 15:50:39: [0mGET /subscribeTemplat [33m404 [0m17.322 ms - 1150[0m
2016-07-29 15:50:39: Error: Failed to lookup view "error" in views directory "E:\grantProject\express-demo\static"
    at EventEmitter.render (E:\grantProject\express-demo\node_modules\express\lib\application.js:579:17)
    at ServerResponse.render (E:\grantProject\express-demo\node_modules\express\lib\response.js:961:7)
    at E:\grantProject\express-demo\app.js:58:7
    at Layer.handle_error (E:\grantProject\express-demo\node_modules\express\lib\router\layer.js:71:5)
    at trim_prefix (E:\grantProject\express-demo\node_modules\express\lib\router\index.js:310:13)
    at E:\grantProject\express-demo\node_modules\express\lib\router\index.js:280:7
    at Function.process_params (E:\grantProject\express-demo\node_modules\express\lib\router\index.js:330:12)
    at next (E:\grantProject\express-demo\node_modules\express\lib\router\index.js:271:10)
    at E:\grantProject\express-demo\app.js:37:3
    at Layer.handle [as handle_request] (E:\grantProject\express-demo\node_modules\express\lib\router\layer.js:95:5)
2016-07-29 15:58:14: [0mGET /subscribeTemplat [33m404 [0m17.906 ms - 1150[0m
2016-07-29 15:58:15: Error: Failed to lookup view "error" in views directory "E:\grantProject\express-demo\static"
    at EventEmitter.render (E:\grantProject\express-demo\node_modules\express\lib\application.js:579:17)
    at ServerResponse.render (E:\grantProject\express-demo\node_modules\express\lib\response.js:961:7)
    at E:\grantProject\express-demo\app.js:58:7
    at Layer.handle_error (E:\grantProject\express-demo\node_modules\express\lib\router\layer.js:71:5)
    at trim_prefix (E:\grantProject\express-demo\node_modules\express\lib\router\index.js:310:13)
    at E:\grantProject\express-demo\node_modules\express\lib\router\index.js:280:7
    at Function.process_params (E:\grantProject\express-demo\node_modules\express\lib\router\index.js:330:12)
    at next (E:\grantProject\express-demo\node_modules\express\lib\router\index.js:271:10)
    at E:\grantProject\express-demo\app.js:37:3
    at Layer.handle [as handle_request] (E:\grantProject\express-demo\node_modules\express\lib\router\layer.js:95:5)
2016-07-29 15:58:54: [0mGET /subscribeTemplate [32m200 [0m28.835 ms - 110[0m
